Using pre-set license
Built from '2020.2/release' branch; Version is '2020.2.2f1 (068178b99f32) revision 426360'; Using compiler version '192528614'; Build Type 'Release'
OS: 'Windows 10 Pro; OS build 18363.1316; Version 1909; 64bit' Language: 'ko' Physical Memory: 8075 MB
BatchMode: 1, IsHumanControllingUs: 0, StartBugReporterOnCrash: 0, Is64bit: 1, IsPro: 0

 COMMAND LINE ARGUMENTS:
D:\APPS\Unity\2020.2.2f1\Editor\Unity.exe
-adb2
-batchMode
-noUpm
-name
AssetImportWorker1
-projectPath
D:/DOCUMENTS/Naval Chess
-logFile
Logs/AssetImportWorker1.log
-srvPort
10394
Successfully changed project path to: D:/DOCUMENTS/Naval Chess
D:/DOCUMENTS/Naval Chess
Using Asset Import Pipeline V2.
Refreshing native plugins compatible for Editor in 75.18 ms, found 0 plugins.
Preloading 0 native plugins for Editor in 0.00 ms.
Initialize engine version: 2020.2.2f1 (068178b99f32)
[Subsystems] Discovering subsystems at path D:/APPS/Unity/2020.2.2f1/Editor/Data/Resources/UnitySubsystems
[Subsystems] Discovering subsystems at path D:/DOCUMENTS/Naval Chess/Assets
GfxDevice: creating device client; threaded=0
Direct3D:
    Version:  Direct3D 11.0 [level 11.0]
    Renderer: NVIDIA GeForce GTX 960M (ID=0x139b)
    Vendor:   
    VRAM:     2010 MB
    Driver:   27.21.14.6140
Shader 'WFX/Transparent Specular': fallback shader 'Particles/Alpha Blended' not found
Shader 'WFX/Transparent Diffuse': fallback shader 'Particles/Alpha Blended' not found
Initialize mono
Mono path[0] = 'D:/APPS/Unity/2020.2.2f1/Editor/Data/Managed'
Mono path[1] = 'D:/APPS/Unity/2020.2.2f1/Editor/Data/MonoBleedingEdge/lib/mono/unityjit'
Mono config path = 'D:/APPS/Unity/2020.2.2f1/Editor/Data/MonoBleedingEdge/etc'
Using monoOptions --debugger-agent=transport=dt_socket,embedding=1,server=y,suspend=n,address=127.0.0.1:56728
Begin MonoManager ReloadAssembly
Registering precompiled unity dll's ...
Register platform support module: D:/APPS/Unity/2020.2.2f1/Editor/Data/PlaybackEngines/WindowsStandaloneSupport/UnityEditor.WindowsStandalone.Extensions.dll
Registered in 0.002316 seconds.
Native extension for WindowsStandalone target not found
Refreshing native plugins compatible for Editor in 82.24 ms, found 0 plugins.
Preloading 0 native plugins for Editor in 0.00 ms.
Invoked RoslynAnalysisRunner static constructor.
RoslynAnalysisRunner will not be running.
RoslynAnalysisRunner has terminated.
Mono: successfully reloaded assembly
- Completed reload, in  2.987 seconds
Platform modules already initialized, skipping
Registering precompiled user dll's ...
Registered in 0.001182 seconds.
Begin MonoManager ReloadAssembly
Native extension for WindowsStandalone target not found
Refreshing native plugins compatible for Editor in 0.43 ms, found 0 plugins.
Preloading 0 native plugins for Editor in 0.00 ms.
Invoked RoslynAnalysisRunner static constructor.
RoslynAnalysisRunner will not be running.
RoslynAnalysisRunner has terminated.
Mono: successfully reloaded assembly
- Completed reload, in  3.347 seconds
Platform modules already initialized, skipping
========================================================================
Worker process is ready to serve import requests
Shader 'WFX/Transparent Specular': fallback shader 'Particles/Alpha Blended' not found
Shader 'WFX/Transparent Diffuse': fallback shader 'Particles/Alpha Blended' not found
Launched and connected shader compiler UnityShaderCompiler.exe after 0.25 seconds
Refreshing native plugins compatible for Editor in 0.67 ms, found 0 plugins.
Preloading 0 native plugins for Editor in 0.00 ms.
Unloading 1151 Unused Serialized files (Serialized files now loaded: 0)
System memory in use before: 65.4 MB.
System memory in use after: 65.5 MB.

Unloading 10 unused Assets to reduce memory usage. Loaded Objects now: 1605.
Total: 5.350600 ms (FindLiveObjects: 0.249900 ms CreateObjectMapping: 0.062200 ms MarkObjects: 4.326700 ms  DeleteObjects: 0.696000 ms)

========================================================================
Received Import Request.
  path: Assets/Scripts/boardSystem.cs
  artifactKey: Guid(92027a96872888c4e873eaa525571779) Importer(815301076,1909f56bfc062723c751e8b465ee728b)
Start importing Assets/Scripts/boardSystem.cs using Guid(92027a96872888c4e873eaa525571779) Importer(815301076,1909f56bfc062723c751e8b465ee728b)  -> (artifact id: 'b92b1888a200f28fa83fa89fae7d9749') in 0.392375 seconds
  Import took 0.411418 seconds .

========================================================================
Received Prepare
Registering precompiled user dll's ...
Registered in 0.000964 seconds.
Begin MonoManager ReloadAssembly
Native extension for WindowsStandalone target not found
Refreshing native plugins compatible for Editor in 0.48 ms, found 0 plugins.
Preloading 0 native plugins for Editor in 0.00 ms.
Invoked RoslynAnalysisRunner static constructor.
RoslynAnalysisRunner will not be running.
RoslynAnalysisRunner has terminated.
Mono: successfully reloaded assembly
- Completed reload, in  1.649 seconds
Platform modules already initialized, skipping
Shader 'WFX/Transparent Specular': fallback shader 'Particles/Alpha Blended' not found
Shader 'WFX/Transparent Diffuse': fallback shader 'Particles/Alpha Blended' not found
Refreshing native plugins compatible for Editor in 0.33 ms, found 0 plugins.
Preloading 0 native plugins for Editor in 0.00 ms.
Unloading 1134 Unused Serialized files (Serialized files now loaded: 0)
System memory in use before: 64.8 MB.
System memory in use after: 64.9 MB.

Unloading 5 unused Assets to reduce memory usage. Loaded Objects now: 1607.
Total: 5.749900 ms (FindLiveObjects: 0.445000 ms CreateObjectMapping: 0.134600 ms MarkObjects: 4.944000 ms  DeleteObjects: 0.222400 ms)

========================================================================
Received Prepare
Registering precompiled user dll's ...
Registered in 0.001104 seconds.
Begin MonoManager ReloadAssembly
Native extension for WindowsStandalone target not found
Refreshing native plugins compatible for Editor in 0.54 ms, found 0 plugins.
Preloading 0 native plugins for Editor in 0.00 ms.
Invoked RoslynAnalysisRunner static constructor.
RoslynAnalysisRunner will not be running.
RoslynAnalysisRunner has terminated.
Mono: successfully reloaded assembly
- Completed reload, in  1.360 seconds
Platform modules already initialized, skipping
Shader 'WFX/Transparent Specular': fallback shader 'Particles/Alpha Blended' not found
Shader 'WFX/Transparent Diffuse': fallback shader 'Particles/Alpha Blended' not found
Refreshing native plugins compatible for Editor in 0.37 ms, found 0 plugins.
Preloading 0 native plugins for Editor in 0.00 ms.
Unloading 1134 Unused Serialized files (Serialized files now loaded: 0)
System memory in use before: 65.8 MB.
System memory in use after: 65.9 MB.

Unloading 5 unused Assets to reduce memory usage. Loaded Objects now: 1609.
Total: 3.509900 ms (FindLiveObjects: 0.963100 ms CreateObjectMapping: 0.180300 ms MarkObjects: 2.205800 ms  DeleteObjects: 0.158100 ms)

========================================================================
Received Import Request.
  Time since last request: 19411.474920 seconds.
  path: Assets/Scripts/boardSystem.cs
  artifactKey: Guid(92027a96872888c4e873eaa525571779) Importer(815301076,1909f56bfc062723c751e8b465ee728b)
Start importing Assets/Scripts/boardSystem.cs using Guid(92027a96872888c4e873eaa525571779) Importer(815301076,1909f56bfc062723c751e8b465ee728b)  -> (artifact id: '1a2c7caa0d0d5c4ec808924cdae6494b') in 0.008424 seconds
  Import took 0.013355 seconds .

========================================================================
Received Import Request.
  Time since last request: 0.009763 seconds.
  path: Assets/Scripts/boardSystem.cs
  artifactKey: Guid(92027a96872888c4e873eaa525571779) Importer(815301076,1909f56bfc062723c751e8b465ee728b)
Start importing Assets/Scripts/boardSystem.cs using Guid(92027a96872888c4e873eaa525571779) Importer(815301076,1909f56bfc062723c751e8b465ee728b)  -> (artifact id: '1a2c7caa0d0d5c4ec808924cdae6494b') in 0.004660 seconds
  Import took 0.008887 seconds .

========================================================================
Received Prepare
Registering precompiled user dll's ...
Registered in 0.000999 seconds.
Begin MonoManager ReloadAssembly
Native extension for WindowsStandalone target not found
Refreshing native plugins compatible for Editor in 0.43 ms, found 0 plugins.
Preloading 0 native plugins for Editor in 0.00 ms.
Invoked RoslynAnalysisRunner static constructor.
RoslynAnalysisRunner will not be running.
RoslynAnalysisRunner has terminated.
Mono: successfully reloaded assembly
- Completed reload, in  1.347 seconds
Platform modules already initialized, skipping
Shader 'WFX/Transparent Specular': fallback shader 'Particles/Alpha Blended' not found
Shader 'WFX/Transparent Diffuse': fallback shader 'Particles/Alpha Blended' not found
Refreshing native plugins compatible for Editor in 0.48 ms, found 0 plugins.
Preloading 0 native plugins for Editor in 0.00 ms.
Unloading 1134 Unused Serialized files (Serialized files now loaded: 0)
System memory in use before: 65.8 MB.
System memory in use after: 65.9 MB.

Unloading 5 unused Assets to reduce memory usage. Loaded Objects now: 1611.
Total: 3.992900 ms (FindLiveObjects: 0.336900 ms CreateObjectMapping: 0.124100 ms MarkObjects: 3.372800 ms  DeleteObjects: 0.157300 ms)

========================================================================
Received Prepare
Registering precompiled user dll's ...
Registered in 0.000930 seconds.
Begin MonoManager ReloadAssembly
Native extension for WindowsStandalone target not found
Refreshing native plugins compatible for Editor in 0.35 ms, found 0 plugins.
Preloading 0 native plugins for Editor in 0.00 ms.
Invoked RoslynAnalysisRunner static constructor.
RoslynAnalysisRunner will not be running.
RoslynAnalysisRunner has terminated.
Mono: successfully reloaded assembly
- Completed reload, in  1.023 seconds
Platform modules already initialized, skipping
Shader 'WFX/Transparent Specular': fallback shader 'Particles/Alpha Blended' not found
Shader 'WFX/Transparent Diffuse': fallback shader 'Particles/Alpha Blended' not found
Refreshing native plugins compatible for Editor in 0.50 ms, found 0 plugins.
Preloading 0 native plugins for Editor in 0.00 ms.
Unloading 1134 Unused Serialized files (Serialized files now loaded: 0)
System memory in use before: 65.8 MB.
System memory in use after: 65.9 MB.

Unloading 5 unused Assets to reduce memory usage. Loaded Objects now: 1613.
Total: 2.729700 ms (FindLiveObjects: 0.483900 ms CreateObjectMapping: 0.064800 ms MarkObjects: 2.061100 ms  DeleteObjects: 0.114800 ms)

========================================================================
Received Prepare
Registering precompiled user dll's ...
Registered in 0.001900 seconds.
Begin MonoManager ReloadAssembly
Native extension for WindowsStandalone target not found
Refreshing native plugins compatible for Editor in 0.42 ms, found 0 plugins.
Preloading 0 native plugins for Editor in 0.00 ms.
Invoked RoslynAnalysisRunner static constructor.
RoslynAnalysisRunner will not be running.
RoslynAnalysisRunner has terminated.
Mono: successfully reloaded assembly
- Completed reload, in  1.501 seconds
Platform modules already initialized, skipping
Shader 'WFX/Transparent Specular': fallback shader 'Particles/Alpha Blended' not found
Shader 'WFX/Transparent Diffuse': fallback shader 'Particles/Alpha Blended' not found
Refreshing native plugins compatible for Editor in 0.71 ms, found 0 plugins.
Preloading 0 native plugins for Editor in 0.00 ms.
Unloading 1134 Unused Serialized files (Serialized files now loaded: 0)
System memory in use before: 65.8 MB.
System memory in use after: 65.8 MB.

Unloading 5 unused Assets to reduce memory usage. Loaded Objects now: 1615.
Total: 5.967400 ms (FindLiveObjects: 0.269900 ms CreateObjectMapping: 0.106500 ms MarkObjects: 5.455900 ms  DeleteObjects: 0.132500 ms)

========================================================================
Received Prepare
Registering precompiled user dll's ...
Registered in 0.001068 seconds.
Begin MonoManager ReloadAssembly
Native extension for WindowsStandalone target not found
Refreshing native plugins compatible for Editor in 0.33 ms, found 0 plugins.
Preloading 0 native plugins for Editor in 0.00 ms.
Invoked RoslynAnalysisRunner static constructor.
RoslynAnalysisRunner will not be running.
RoslynAnalysisRunner has terminated.
Mono: successfully reloaded assembly
- Completed reload, in  1.047 seconds
Platform modules already initialized, skipping
Shader 'WFX/Transparent Specular': fallback shader 'Particles/Alpha Blended' not found
Shader 'WFX/Transparent Diffuse': fallback shader 'Particles/Alpha Blended' not found
Refreshing native plugins compatible for Editor in 0.34 ms, found 0 plugins.
Preloading 0 native plugins for Editor in 0.00 ms.
Unloading 1134 Unused Serialized files (Serialized files now loaded: 0)
System memory in use before: 65.8 MB.
System memory in use after: 65.9 MB.

Unloading 5 unused Assets to reduce memory usage. Loaded Objects now: 1617.
Total: 1.984900 ms (FindLiveObjects: 0.167500 ms CreateObjectMapping: 0.051300 ms MarkObjects: 1.678800 ms  DeleteObjects: 0.085900 ms)

========================================================================
Received Prepare
Registering precompiled user dll's ...
Registered in 0.000920 seconds.
Begin MonoManager ReloadAssembly
Native extension for WindowsStandalone target not found
Refreshing native plugins compatible for Editor in 0.36 ms, found 0 plugins.
Preloading 0 native plugins for Editor in 0.00 ms.
Invoked RoslynAnalysisRunner static constructor.
RoslynAnalysisRunner will not be running.
RoslynAnalysisRunner has terminated.
Mono: successfully reloaded assembly
- Completed reload, in  1.003 seconds
Platform modules already initialized, skipping
Shader 'WFX/Transparent Specular': fallback shader 'Particles/Alpha Blended' not found
Shader 'WFX/Transparent Diffuse': fallback shader 'Particles/Alpha Blended' not found
Refreshing native plugins compatible for Editor in 0.34 ms, found 0 plugins.
Preloading 0 native plugins for Editor in 0.00 ms.
Unloading 1134 Unused Serialized files (Serialized files now loaded: 0)
System memory in use before: 65.8 MB.
System memory in use after: 65.9 MB.

Unloading 5 unused Assets to reduce memory usage. Loaded Objects now: 1619.
Total: 2.103700 ms (FindLiveObjects: 0.167000 ms CreateObjectMapping: 0.052900 ms MarkObjects: 1.800100 ms  DeleteObjects: 0.082600 ms)

========================================================================
Received Import Request.
  Time since last request: 1619.113833 seconds.
  path: Assets/Imported/GameMusicPack/Tracks/Medieval/A Medieval Tale.wav
  artifactKey: Guid(ee8034b41b8326746b50335fe42eab38) Importer(815301076,1909f56bfc062723c751e8b465ee728b)
Start importing Assets/Imported/GameMusicPack/Tracks/Medieval/A Medieval Tale.wav using Guid(ee8034b41b8326746b50335fe42eab38) Importer(815301076,1909f56bfc062723c751e8b465ee728b)  -> (artifact id: 'eded1de2585ade4ad07d078b9e466dbc') in 0.538560 seconds
  Import took 0.541933 seconds .

========================================================================
Received Import Request.
  Time since last request: 0.000304 seconds.
  path: Assets/Imported/GameMusicPack/Tracks/Fantasy/Ancient Fairy.wav
  artifactKey: Guid(0ec9d9c21970d7d48931aa4204a0052b) Importer(815301076,1909f56bfc062723c751e8b465ee728b)
Start importing Assets/Imported/GameMusicPack/Tracks/Fantasy/Ancient Fairy.wav using Guid(0ec9d9c21970d7d48931aa4204a0052b) Importer(815301076,1909f56bfc062723c751e8b465ee728b)  -> (artifact id: '6241bbc413106bb071d9931d20726a38') in 0.113111 seconds
  Import took 0.115568 seconds .

========================================================================
Received Import Request.
  Time since last request: 0.000301 seconds.
  path: Assets/Imported/Grenade Sound FX/Grenade/Grenade6.wav
  artifactKey: Guid(2af69ec48af35f142ae69ccd5b3808ea) Importer(815301076,1909f56bfc062723c751e8b465ee728b)
Start importing Assets/Imported/Grenade Sound FX/Grenade/Grenade6.wav using Guid(2af69ec48af35f142ae69ccd5b3808ea) Importer(815301076,1909f56bfc062723c751e8b465ee728b)  -> (artifact id: '43b4544a52a25dbffe0292918602fa7d') in 0.062599 seconds
  Import took 0.065743 seconds .

========================================================================
Received Import Request.
  Time since last request: 0.000362 seconds.
  path: Assets/Imported/Grenade Sound FX/Grenade/Grenade6Short.wav
  artifactKey: Guid(f01c623f724825e44a923d1ae50256f2) Importer(815301076,1909f56bfc062723c751e8b465ee728b)
Start importing Assets/Imported/Grenade Sound FX/Grenade/Grenade6Short.wav using Guid(f01c623f724825e44a923d1ae50256f2) Importer(815301076,1909f56bfc062723c751e8b465ee728b)  -> (artifact id: '966b36388135c54cc35b9823f5e32fc2') in 0.099297 seconds
  Import took 0.102989 seconds .

========================================================================
Received Import Request.
  Time since last request: 0.000340 seconds.
  path: Assets/Imported/GameMusicPack/Tracks/Spooky/Drained.wav
  artifactKey: Guid(319292bb6a1f64240b4dc627325d92ca) Importer(815301076,1909f56bfc062723c751e8b465ee728b)
Start importing Assets/Imported/GameMusicPack/Tracks/Spooky/Drained.wav using Guid(319292bb6a1f64240b4dc627325d92ca) Importer(815301076,1909f56bfc062723c751e8b465ee728b)  -> (artifact id: '542a8f9a7fa2f07e54e5b8d765397840') in 0.084015 seconds
  Import took 0.087438 seconds .

========================================================================
Received Import Request.
  Time since last request: 0.000996 seconds.
  path: Assets/Imported/Grenade Sound FX/Grenade/Grenade9.wav
  artifactKey: Guid(9744898d600af7f44b6dbdf43e4e3892) Importer(815301076,1909f56bfc062723c751e8b465ee728b)
Start importing Assets/Imported/Grenade Sound FX/Grenade/Grenade9.wav using Guid(9744898d600af7f44b6dbdf43e4e3892) Importer(815301076,1909f56bfc062723c751e8b465ee728b)  -> (artifact id: 'f5a2413ced96a3f7016021e9ce28bed5') in 0.099260 seconds
  Import took 0.102044 seconds .

========================================================================
Received Import Request.
  Time since last request: 0.000329 seconds.
  path: Assets/Imported/Grenade Sound FX/Grenade/Grenade10Short.wav
  artifactKey: Guid(d4aee29185389894b9cc0d8873904a49) Importer(815301076,1909f56bfc062723c751e8b465ee728b)
Start importing Assets/Imported/Grenade Sound FX/Grenade/Grenade10Short.wav using Guid(d4aee29185389894b9cc0d8873904a49) Importer(815301076,1909f56bfc062723c751e8b465ee728b)  -> (artifact id: '2dc47f04294d8cc08db6fa88a22fceb6') in 0.101279 seconds
  Import took 0.103826 seconds .

========================================================================
Received Import Request.
  Time since last request: 0.000317 seconds.
  path: Assets/Imported/Grenade Sound FX/Grenade/Grenade7.wav
  artifactKey: Guid(2b3af6f5cc0c8cd489aac13d80976c7f) Importer(815301076,1909f56bfc062723c751e8b465ee728b)
Start importing Assets/Imported/Grenade Sound FX/Grenade/Grenade7.wav using Guid(2b3af6f5cc0c8cd489aac13d80976c7f) Importer(815301076,1909f56bfc062723c751e8b465ee728b)  -> (artifact id: '60c2c75b4615d6a4f98fbbc2719aca5d') in 0.059004 seconds
  Import took 0.061724 seconds .

========================================================================
Received Import Request.
  Time since last request: 0.000337 seconds.
  path: Assets/Imported/Grenade Sound FX/Grenade/Grenade9Short.wav
  artifactKey: Guid(f0bba60dd1813bd40af826dbaa99b983) Importer(815301076,1909f56bfc062723c751e8b465ee728b)
Start importing Assets/Imported/Grenade Sound FX/Grenade/Grenade9Short.wav using Guid(f0bba60dd1813bd40af826dbaa99b983) Importer(815301076,1909f56bfc062723c751e8b465ee728b)  -> (artifact id: '93be5de207ce3b169c812720322e0399') in 0.106385 seconds
  Import took 0.108977 seconds .

========================================================================
Received Import Request.
  Time since last request: 0.000408 seconds.
  path: Assets/Imported/Grenade Sound FX/Grenade/Grenade5Short.wav
  artifactKey: Guid(8b3f676fe7b41044495a2964396b8ba3) Importer(815301076,1909f56bfc062723c751e8b465ee728b)
Start importing Assets/Imported/Grenade Sound FX/Grenade/Grenade5Short.wav using Guid(8b3f676fe7b41044495a2964396b8ba3) Importer(815301076,1909f56bfc062723c751e8b465ee728b)  -> (artifact id: 'ebb8abf590c3fa66731d0cba50f161f6') in 0.133428 seconds
  Import took 0.136076 seconds .

========================================================================
Received Import Request.
  Time since last request: 0.000476 seconds.
  path: Assets/Imported/Grenade Sound FX/Grenade/Grenade10.wav
  artifactKey: Guid(bf119238edb04e142b3374cace8cdd6b) Importer(815301076,1909f56bfc062723c751e8b465ee728b)
Start importing Assets/Imported/Grenade Sound FX/Grenade/Grenade10.wav using Guid(bf119238edb04e142b3374cace8cdd6b) Importer(815301076,1909f56bfc062723c751e8b465ee728b)  -> (artifact id: 'cd92cca4af8be6ceeaba3b60064be221') in 0.062213 seconds
  Import took 0.065912 seconds .

========================================================================
Received Import Request.
  Time since last request: 0.000502 seconds.
  path: Assets/Imported/Grenade Sound FX/Grenade/Grenade4.wav
  artifactKey: Guid(3443057aff9fa4a49b2e0b7b147f6704) Importer(815301076,1909f56bfc062723c751e8b465ee728b)
Start importing Assets/Imported/Grenade Sound FX/Grenade/Grenade4.wav using Guid(3443057aff9fa4a49b2e0b7b147f6704) Importer(815301076,1909f56bfc062723c751e8b465ee728b)  -> (artifact id: '5c9f391c4c2e38326caf51313b19b6a9') in 0.086095 seconds
  Import took 0.089579 seconds .

========================================================================
Received Import Request.
  Time since last request: 0.000461 seconds.
  path: Assets/Imported/Grenade Sound FX/Grenade/Grenade3Short.wav
  artifactKey: Guid(c401d00c96b512e488d2e3bf5d111509) Importer(815301076,1909f56bfc062723c751e8b465ee728b)
Start importing Assets/Imported/Grenade Sound FX/Grenade/Grenade3Short.wav using Guid(c401d00c96b512e488d2e3bf5d111509) Importer(815301076,1909f56bfc062723c751e8b465ee728b)  -> (artifact id: 'bb81ef41d0ea472a7f3942c27a86eb52') in 0.071510 seconds
  Import took 0.074127 seconds .

========================================================================
Received Import Request.
  Time since last request: 0.000313 seconds.
  path: Assets/Imported/Grenade Sound FX/Grenade/Grenade8Short.wav
  artifactKey: Guid(c1f8c36ebdb20024ea8a59ec457d582c) Importer(815301076,1909f56bfc062723c751e8b465ee728b)
Start importing Assets/Imported/Grenade Sound FX/Grenade/Grenade8Short.wav using Guid(c1f8c36ebdb20024ea8a59ec457d582c) Importer(815301076,1909f56bfc062723c751e8b465ee728b)  -> (artifact id: '557a481e0b1143596cea3e9173385aae') in 0.163367 seconds
  Import took 0.166251 seconds .

========================================================================
Received Import Request.
  Time since last request: 0.000275 seconds.
  path: Assets/Imported/Grenade Sound FX/Grenade/Grenade5.wav
  artifactKey: Guid(111ff2bd39332f44d89d14a3be9e6e8d) Importer(815301076,1909f56bfc062723c751e8b465ee728b)
Start importing Assets/Imported/Grenade Sound FX/Grenade/Grenade5.wav using Guid(111ff2bd39332f44d89d14a3be9e6e8d) Importer(815301076,1909f56bfc062723c751e8b465ee728b)  -> (artifact id: 'f2b333a86644551b0d2a0be87c0ffd7b') in 0.060814 seconds
  Import took 0.063580 seconds .

========================================================================
Received Import Request.
  Time since last request: 0.000308 seconds.
  path: Assets/Imported/Grenade Sound FX/Grenade/Grenade8.wav
  artifactKey: Guid(fc9e7990dd282524fbe739169cc92b2b) Importer(815301076,1909f56bfc062723c751e8b465ee728b)
Start importing Assets/Imported/Grenade Sound FX/Grenade/Grenade8.wav using Guid(fc9e7990dd282524fbe739169cc92b2b) Importer(815301076,1909f56bfc062723c751e8b465ee728b)  -> (artifact id: 'b5e515ffe5f8b2f5ccf3feddb640a8f9') in 0.047519 seconds
  Import took 0.049976 seconds .

========================================================================
Received Import Request.
  Time since last request: 0.000293 seconds.
  path: Assets/Imported/Grenade Sound FX/Grenade/Grenade3.wav
  artifactKey: Guid(8327bacc90a16a441903a18e8fe175b1) Importer(815301076,1909f56bfc062723c751e8b465ee728b)
Start importing Assets/Imported/Grenade Sound FX/Grenade/Grenade3.wav using Guid(8327bacc90a16a441903a18e8fe175b1) Importer(815301076,1909f56bfc062723c751e8b465ee728b)  -> (artifact id: '74914a2a99ca9a8af0a012712c765df6') in 0.050704 seconds
  Import took 0.053218 seconds .

========================================================================
Received Import Request.
  Time since last request: 0.000304 seconds.
  path: Assets/Imported/Grenade Sound FX/Grenade/Grenade7Short.wav
  artifactKey: Guid(fd706038486fee041947a774223dc22e) Importer(815301076,1909f56bfc062723c751e8b465ee728b)
Start importing Assets/Imported/Grenade Sound FX/Grenade/Grenade7Short.wav using Guid(fd706038486fee041947a774223dc22e) Importer(815301076,1909f56bfc062723c751e8b465ee728b)  -> (artifact id: '9595547f65e124c828a9705bef6b9764') in 0.044049 seconds
  Import took 0.047600 seconds .

========================================================================
Received Import Request.
  Time since last request: 0.000271 seconds.
  path: Assets/Imported/Grenade Sound FX/Grenade/Grenade4Short.wav
  artifactKey: Guid(c2153dcd0edd22f40bdebf613271bae7) Importer(815301076,1909f56bfc062723c751e8b465ee728b)
Start importing Assets/Imported/Grenade Sound FX/Grenade/Grenade4Short.wav using Guid(c2153dcd0edd22f40bdebf613271bae7) Importer(815301076,1909f56bfc062723c751e8b465ee728b)  -> (artifact id: '20f951be9aab9b182a140ec202220526') in 0.041356 seconds
  Import took 0.044078 seconds .

========================================================================
Received Import Request.
  Time since last request: 5.430403 seconds.
  path: Assets/Imported/GameMusicPack/Tracks
  artifactKey: Guid(cdff3ef477799a44ab8b4a461d74b761) Importer(815301076,1909f56bfc062723c751e8b465ee728b)
Start importing Assets/Imported/GameMusicPack/Tracks using Guid(cdff3ef477799a44ab8b4a461d74b761) Importer(815301076,1909f56bfc062723c751e8b465ee728b)  -> (artifact id: '21c4edf7a03133e97f86838622fd983c') in 0.010347 seconds
  Import took 0.012900 seconds .

========================================================================
Received Import Request.
  Time since last request: 1.840990 seconds.
  path: Assets/Imported/GameMusicPack/Tracks/Fantasy
  artifactKey: Guid(afc78d84d09a7eb4d9eaa281754d0526) Importer(815301076,1909f56bfc062723c751e8b465ee728b)
Start importing Assets/Imported/GameMusicPack/Tracks/Fantasy using Guid(afc78d84d09a7eb4d9eaa281754d0526) Importer(815301076,1909f56bfc062723c751e8b465ee728b)  -> (artifact id: '4bf054a302fc8199e155e2fa58a5ccad') in 0.012051 seconds
  Import took 0.014588 seconds .

========================================================================
Received Import Request.
  Time since last request: 0.037876 seconds.
  path: Assets/Imported/GameMusicPack/Tracks/Fantasy/The Enchanted Treehouse (Music Box).wav
  artifactKey: Guid(ad08ad6492e7dc341ad40e1981ae33ca) Importer(815301076,1909f56bfc062723c751e8b465ee728b)
Start importing Assets/Imported/GameMusicPack/Tracks/Fantasy/The Enchanted Treehouse (Music Box).wav using Guid(ad08ad6492e7dc341ad40e1981ae33ca) Importer(815301076,1909f56bfc062723c751e8b465ee728b)  -> (artifact id: 'f26ced684452c06d0f1a068e35b16495') in 0.095531 seconds
  Import took 0.098416 seconds .

========================================================================
Received Import Request.
  Time since last request: 3.832594 seconds.
  path: Assets/Imported/GameMusicPack/Tracks/Sad
  artifactKey: Guid(bce62d9f8b316af40a1240be7b5c30d3) Importer(815301076,1909f56bfc062723c751e8b465ee728b)
Start importing Assets/Imported/GameMusicPack/Tracks/Sad using Guid(bce62d9f8b316af40a1240be7b5c30d3) Importer(815301076,1909f56bfc062723c751e8b465ee728b)  -> (artifact id: '5d634f4ebf794a5402380f42bc1ff2b1') in 0.052018 seconds
  Import took 0.054714 seconds .

========================================================================
Received Import Request.
  Time since last request: 0.000726 seconds.
  path: Assets/Imported/GameMusicPack/Tracks/Sad/Beautiful Splatter.wav
  artifactKey: Guid(290ced9e85806234ea68776978c394a7) Importer(815301076,1909f56bfc062723c751e8b465ee728b)
Start importing Assets/Imported/GameMusicPack/Tracks/Sad/Beautiful Splatter.wav using Guid(290ced9e85806234ea68776978c394a7) Importer(815301076,1909f56bfc062723c751e8b465ee728b)  -> (artifact id: 'b7f064e22717fbaa07d322c46708e4a0') in 0.065441 seconds
  Import took 0.068024 seconds .

========================================================================
Received Import Request.
  Time since last request: 0.000378 seconds.
  path: Assets/Imported/GameMusicPack/Tracks/Sad/Tree of Life.wav
  artifactKey: Guid(8a9440b162ae49342836d53e5404f829) Importer(815301076,1909f56bfc062723c751e8b465ee728b)
Start importing Assets/Imported/GameMusicPack/Tracks/Sad/Tree of Life.wav using Guid(8a9440b162ae49342836d53e5404f829) Importer(815301076,1909f56bfc062723c751e8b465ee728b)  -> (artifact id: 'ce23b755aa8c575d535e1ad13789d8b5') in 0.047031 seconds
  Import took 0.049765 seconds .

========================================================================
Received Import Request.
  Time since last request: 1.505270 seconds.
  path: Assets/Imported/GameMusicPack/Tracks/Spooky
  artifactKey: Guid(b11994ed35678c043a3d2664dcdf3dd1) Importer(815301076,1909f56bfc062723c751e8b465ee728b)
Start importing Assets/Imported/GameMusicPack/Tracks/Spooky using Guid(b11994ed35678c043a3d2664dcdf3dd1) Importer(815301076,1909f56bfc062723c751e8b465ee728b)  -> (artifact id: 'b20da74bef8a98b9ecae319feeaf00ad') in 0.010679 seconds
  Import took 0.013166 seconds .

========================================================================
Received Import Request.
  Time since last request: 0.035364 seconds.
  path: Assets/Imported/GameMusicPack/Tracks/Spooky/Bewitched.wav
  artifactKey: Guid(c7bef1eb32cbb914f93c36973128f4e8) Importer(815301076,1909f56bfc062723c751e8b465ee728b)
Start importing Assets/Imported/GameMusicPack/Tracks/Spooky/Bewitched.wav using Guid(c7bef1eb32cbb914f93c36973128f4e8) Importer(815301076,1909f56bfc062723c751e8b465ee728b)  -> (artifact id: '19fcb2060f0335db8638496d6fd05f20') in 0.076665 seconds
  Import took 0.079475 seconds .

========================================================================
Received Import Request.
  Time since last request: 3.073135 seconds.
  path: Assets/Imported/GameMusicPack/Tracks/Epic
  artifactKey: Guid(0437b795de782704e8f926ed9caebcc2) Importer(815301076,1909f56bfc062723c751e8b465ee728b)
Start importing Assets/Imported/GameMusicPack/Tracks/Epic using Guid(0437b795de782704e8f926ed9caebcc2) Importer(815301076,1909f56bfc062723c751e8b465ee728b)  -> (artifact id: '76a3644bd306cc62a151f076a1c8ccf9') in 0.026731 seconds
  Import took 0.029334 seconds .

========================================================================
Received Import Request.
  Time since last request: 0.033009 seconds.
  path: Assets/Imported/GameMusicPack/Tracks/Epic/Redemption.wav
  artifactKey: Guid(86cf265101abbe640804dc433620a626) Importer(815301076,1909f56bfc062723c751e8b465ee728b)
Start importing Assets/Imported/GameMusicPack/Tracks/Epic/Redemption.wav using Guid(86cf265101abbe640804dc433620a626) Importer(815301076,1909f56bfc062723c751e8b465ee728b)  -> (artifact id: 'bfc4fff87680f261ae3405295b4e710d') in 0.022552 seconds
  Import took 0.025245 seconds .

========================================================================
Received Import Request.
  Time since last request: 0.000396 seconds.
  path: Assets/Imported/GameMusicPack/Tracks/Epic/Warlocks and Shadows.wav
  artifactKey: Guid(5c39fabcd0816d74e844ec04031d6e3b) Importer(815301076,1909f56bfc062723c751e8b465ee728b)
Start importing Assets/Imported/GameMusicPack/Tracks/Epic/Warlocks and Shadows.wav using Guid(5c39fabcd0816d74e844ec04031d6e3b) Importer(815301076,1909f56bfc062723c751e8b465ee728b)  -> (artifact id: '66bf83714eed0e291d5e1d3f0634d07c') in 0.052280 seconds
  Import took 0.054900 seconds .

========================================================================
Received Prepare
Registering precompiled user dll's ...
Registered in 0.001194 seconds.
Begin MonoManager ReloadAssembly
Native extension for WindowsStandalone target not found
Refreshing native plugins compatible for Editor in 0.35 ms, found 0 plugins.
Preloading 0 native plugins for Editor in 0.00 ms.
Invoked RoslynAnalysisRunner static constructor.
RoslynAnalysisRunner will not be running.
RoslynAnalysisRunner has terminated.
Mono: successfully reloaded assembly
- Completed reload, in  1.042 seconds
Platform modules already initialized, skipping
Shader 'WFX/Transparent Specular': fallback shader 'Particles/Alpha Blended' not found
Shader 'WFX/Transparent Diffuse': fallback shader 'Particles/Alpha Blended' not found
Refreshing native plugins compatible for Editor in 0.38 ms, found 0 plugins.
Preloading 0 native plugins for Editor in 0.00 ms.
Unloading 1134 Unused Serialized files (Serialized files now loaded: 0)
System memory in use before: 68.9 MB.
System memory in use after: 69.0 MB.

Unloading 5 unused Assets to reduce memory usage. Loaded Objects now: 1630.
Total: 3.785400 ms (FindLiveObjects: 0.219000 ms CreateObjectMapping: 0.051600 ms MarkObjects: 3.369700 ms  DeleteObjects: 0.141800 ms)

========================================================================
Received Import Request.
  Time since last request: 630.562175 seconds.
  path: Assets/Imported/Free Pack
  artifactKey: Guid(2cab8ce0429cda447a99e57af1a979bc) Importer(815301076,1909f56bfc062723c751e8b465ee728b)
Start importing Assets/Imported/Free Pack using Guid(2cab8ce0429cda447a99e57af1a979bc) Importer(815301076,1909f56bfc062723c751e8b465ee728b)  -> (artifact id: '1e7509d4b3a1a3314afaa4af755fbed1') in 0.014299 seconds
  Import took 0.017953 seconds .

========================================================================
Received Import Request.
  Time since last request: 0.002116 seconds.
  path: Assets/Imported/Free Pack/Autocannon - Shot 1.wav
  artifactKey: Guid(bb2e2714f962491428dcb0b38598b251) Importer(815301076,1909f56bfc062723c751e8b465ee728b)
Start importing Assets/Imported/Free Pack/Autocannon - Shot 1.wav using Guid(bb2e2714f962491428dcb0b38598b251) Importer(815301076,1909f56bfc062723c751e8b465ee728b)  -> (artifact id: 'ef74a6c5b26bc4917f3686a5f3909782') in 0.074019 seconds
  Import took 0.077544 seconds .

========================================================================
Received Import Request.
  Time since last request: 0.000314 seconds.
  path: Assets/Imported/Free Pack/Computer explosion 6 - Alarm.wav
  artifactKey: Guid(65b3207f91d67094e87be85dbe54c89d) Importer(815301076,1909f56bfc062723c751e8b465ee728b)
Start importing Assets/Imported/Free Pack/Computer explosion 6 - Alarm.wav using Guid(65b3207f91d67094e87be85dbe54c89d) Importer(815301076,1909f56bfc062723c751e8b465ee728b)  -> (artifact id: 'f6b8a39f47af2cf0e3e67c1bf0f42377') in 0.019984 seconds
  Import took 0.022609 seconds .

========================================================================
Received Import Request.
  Time since last request: 0.000351 seconds.
  path: Assets/Imported/Free Pack/Explosion 8.wav
  artifactKey: Guid(d47e6ed162da1f740ad807d00f4679f3) Importer(815301076,1909f56bfc062723c751e8b465ee728b)
Start importing Assets/Imported/Free Pack/Explosion 8.wav using Guid(d47e6ed162da1f740ad807d00f4679f3) Importer(815301076,1909f56bfc062723c751e8b465ee728b)  -> (artifact id: '4a7c0ec6aa614a93a22e7513a6204ae9') in 0.022113 seconds
  Import took 0.025253 seconds .

========================================================================
Received Import Request.
  Time since last request: 0.000251 seconds.
  path: Assets/Imported/Free Pack/Flare gun 5-2.wav
  artifactKey: Guid(0bd05763df902854a80475577a26666a) Importer(815301076,1909f56bfc062723c751e8b465ee728b)
Start importing Assets/Imported/Free Pack/Flare gun 5-2.wav using Guid(0bd05763df902854a80475577a26666a) Importer(815301076,1909f56bfc062723c751e8b465ee728b)  -> (artifact id: '49b418aed63055c59fc2247878aad4a5') in 0.024589 seconds
  Import took 0.027317 seconds .

========================================================================
Received Import Request.
  Time since last request: 0.000285 seconds.
  path: Assets/Imported/Free Pack/Metal Impact 7.wav
  artifactKey: Guid(2e071f5b8b8467d45a5e6e24c23c6ad4) Importer(815301076,1909f56bfc062723c751e8b465ee728b)
Start importing Assets/Imported/Free Pack/Metal Impact 7.wav using Guid(2e071f5b8b8467d45a5e6e24c23c6ad4) Importer(815301076,1909f56bfc062723c751e8b465ee728b)  -> (artifact id: 'ce004bf64f1176602cc87882ea4a9903') in 0.022398 seconds
  Import took 0.025052 seconds .

========================================================================
Received Import Request.
  Time since last request: 0.000288 seconds.
  path: Assets/Imported/Free Pack/Easy Going Medieval Tavern - Loop.wav
  artifactKey: Guid(cdfab68e200464842847522ffb19ae13) Importer(815301076,1909f56bfc062723c751e8b465ee728b)
Start importing Assets/Imported/Free Pack/Easy Going Medieval Tavern - Loop.wav using Guid(cdfab68e200464842847522ffb19ae13) Importer(815301076,1909f56bfc062723c751e8b465ee728b)  -> (artifact id: '1dd576f45619ead7d80df678e8d1230c') in 0.023734 seconds
  Import took 0.026493 seconds .

========================================================================
Received Import Request.
  Time since last request: 0.000258 seconds.
  path: Assets/Imported/Free Pack/Ghost Manifestation 2.wav
  artifactKey: Guid(618be86712ffac947997f96463301683) Importer(815301076,1909f56bfc062723c751e8b465ee728b)
Start importing Assets/Imported/Free Pack/Ghost Manifestation 2.wav using Guid(618be86712ffac947997f96463301683) Importer(815301076,1909f56bfc062723c751e8b465ee728b)  -> (artifact id: 'ac5bc2d995e3671e700fda0a1ddf14e2') in 0.027915 seconds
  Import took 0.030813 seconds .

========================================================================
Received Import Request.
  Time since last request: 0.000337 seconds.
  path: Assets/Imported/Free Pack/Magic Spell_Coins_2.wav
  artifactKey: Guid(34f9cbd28a9740349b6cc2f5e280dda3) Importer(815301076,1909f56bfc062723c751e8b465ee728b)
Start importing Assets/Imported/Free Pack/Magic Spell_Coins_2.wav using Guid(34f9cbd28a9740349b6cc2f5e280dda3) Importer(815301076,1909f56bfc062723c751e8b465ee728b)  -> (artifact id: '4506bd2fb87f721334b99c8ed361a43a') in 0.021496 seconds
  Import took 0.024594 seconds .

========================================================================
Received Import Request.
  Time since last request: 0.000290 seconds.
  path: Assets/Imported/Free Pack/Indiana Jones Punch.wav
  artifactKey: Guid(e1a75776f005439469f89a17a986c567) Importer(815301076,1909f56bfc062723c751e8b465ee728b)
Start importing Assets/Imported/Free Pack/Indiana Jones Punch.wav using Guid(e1a75776f005439469f89a17a986c567) Importer(815301076,1909f56bfc062723c751e8b465ee728b)  -> (artifact id: '20f2f78e2cc0c250c0b77bbe5708ac12') in 0.024556 seconds
  Import took 0.028010 seconds .

========================================================================
Received Import Request.
  Time since last request: 0.000301 seconds.
  path: Assets/Imported/Free Pack/Magic Spell - Turn to stone.wav
  artifactKey: Guid(5fe4bc0609c03e24097e0cb3666a4fb5) Importer(815301076,1909f56bfc062723c751e8b465ee728b)
Start importing Assets/Imported/Free Pack/Magic Spell - Turn to stone.wav using Guid(5fe4bc0609c03e24097e0cb3666a4fb5) Importer(815301076,1909f56bfc062723c751e8b465ee728b)  -> (artifact id: '274c4815b4dbf16509a316a7362caf8f') in 0.027682 seconds
  Import took 0.030629 seconds .

========================================================================
Received Import Request.
  Time since last request: 0.000318 seconds.
  path: Assets/Imported/Free Pack/Laser Multiple shots 1.wav
  artifactKey: Guid(c9bb4171cafd3dd47829336ea4c8d988) Importer(815301076,1909f56bfc062723c751e8b465ee728b)
Start importing Assets/Imported/Free Pack/Laser Multiple shots 1.wav using Guid(c9bb4171cafd3dd47829336ea4c8d988) Importer(815301076,1909f56bfc062723c751e8b465ee728b)  -> (artifact id: '2d3a9a2335d1a931b348d54b0657fb39') in 0.025603 seconds
  Import took 0.029502 seconds .

========================================================================
Received Import Request.
  Time since last request: 0.000264 seconds.
  path: Assets/Imported/Free Pack/Metal impact 5.wav
  artifactKey: Guid(958408b32ccf3714ea02821877b0870c) Importer(815301076,1909f56bfc062723c751e8b465ee728b)
Start importing Assets/Imported/Free Pack/Metal impact 5.wav using Guid(958408b32ccf3714ea02821877b0870c) Importer(815301076,1909f56bfc062723c751e8b465ee728b)  -> (artifact id: '1bb2c4468aa53f723d3b715b22d93d96') in 0.021810 seconds
  Import took 0.024801 seconds .

========================================================================
Received Import Request.
  Time since last request: 0.000292 seconds.
  path: Assets/Imported/Free Pack/Bullet Impacts - Multiple 1.wav
  artifactKey: Guid(0b93f9af63befa2478916a5396131fff) Importer(815301076,1909f56bfc062723c751e8b465ee728b)
Start importing Assets/Imported/Free Pack/Bullet Impacts - Multiple 1.wav using Guid(0b93f9af63befa2478916a5396131fff) Importer(815301076,1909f56bfc062723c751e8b465ee728b)  -> (artifact id: 'dc819b6cb64d6c148fd073cf0dbb745a') in 0.024499 seconds
  Import took 0.027239 seconds .

========================================================================
Received Import Request.
  Time since last request: 0.000246 seconds.
  path: Assets/Imported/Free Pack/Monster Bite on Armor.wav
  artifactKey: Guid(8ebcb6234d419344daa712ba65bb3798) Importer(815301076,1909f56bfc062723c751e8b465ee728b)
Start importing Assets/Imported/Free Pack/Monster Bite on Armor.wav using Guid(8ebcb6234d419344daa712ba65bb3798) Importer(815301076,1909f56bfc062723c751e8b465ee728b)  -> (artifact id: '84514c3f0e5cd2cec56b6afe5381ec5a') in 0.026500 seconds
  Import took 0.030452 seconds .

========================================================================
Received Import Request.
  Time since last request: 0.000250 seconds.
  path: Assets/Imported/Free Pack/Laser Impact Light_6.wav
  artifactKey: Guid(bb6cdd13aeb95f743847b1cd460889bc) Importer(815301076,1909f56bfc062723c751e8b465ee728b)
Start importing Assets/Imported/Free Pack/Laser Impact Light_6.wav using Guid(bb6cdd13aeb95f743847b1cd460889bc) Importer(815301076,1909f56bfc062723c751e8b465ee728b)  -> (artifact id: '039b574ef330b6172a06d76f52b0e2d3') in 0.027410 seconds
  Import took 0.030156 seconds .

========================================================================
Received Import Request.
  Time since last request: 0.000300 seconds.
  path: Assets/Imported/Free Pack/Explosion 2.wav
  artifactKey: Guid(986d6b30567e30e428f3f21373fe45ca) Importer(815301076,1909f56bfc062723c751e8b465ee728b)
Start importing Assets/Imported/Free Pack/Explosion 2.wav using Guid(986d6b30567e30e428f3f21373fe45ca) Importer(815301076,1909f56bfc062723c751e8b465ee728b)  -> (artifact id: 'e40dbb3a989b10dbafa67e0f6f9cae2d') in 0.026011 seconds
  Import took 0.029872 seconds .

========================================================================
Received Import Request.
  Time since last request: 0.000259 seconds.
  path: Assets/Imported/Free Pack/Explosion 1.wav
  artifactKey: Guid(1fd31868d68903d4f9e2c4a3b7ef98f3) Importer(815301076,1909f56bfc062723c751e8b465ee728b)
Start importing Assets/Imported/Free Pack/Explosion 1.wav using Guid(1fd31868d68903d4f9e2c4a3b7ef98f3) Importer(815301076,1909f56bfc062723c751e8b465ee728b)  -> (artifact id: '74b7172a1bf38ae88c13a3bc5f377e76') in 0.025050 seconds
  Import took 0.027750 seconds .

========================================================================
Received Import Request.
  Time since last request: 0.000248 seconds.
  path: Assets/Imported/Free Pack/Hand Gun_6.wav
  artifactKey: Guid(6dd7024f00606b44eb5884197a66a893) Importer(815301076,1909f56bfc062723c751e8b465ee728b)
Start importing Assets/Imported/Free Pack/Hand Gun_6.wav using Guid(6dd7024f00606b44eb5884197a66a893) Importer(815301076,1909f56bfc062723c751e8b465ee728b)  -> (artifact id: '48de36d659a4f94f8da2076d3037a421') in 0.023765 seconds
  Import took 0.028149 seconds .

========================================================================
Received Import Request.
  Time since last request: 0.000247 seconds.
  path: Assets/Imported/Free Pack/Magic Spell_Simple Swoosh_6.wav
  artifactKey: Guid(cc6699269b4c1d44ea1e860518b9bb73) Importer(815301076,1909f56bfc062723c751e8b465ee728b)
Start importing Assets/Imported/Free Pack/Magic Spell_Simple Swoosh_6.wav using Guid(cc6699269b4c1d44ea1e860518b9bb73) Importer(815301076,1909f56bfc062723c751e8b465ee728b)  -> (artifact id: 'd902c6a87302ed32d8a34fb8db608ba0') in 0.022661 seconds
  Import took 0.025757 seconds .

========================================================================
Received Import Request.
  Time since last request: 0.000278 seconds.
  path: Assets/Imported/Free Pack/Bullet Impact 14.wav
  artifactKey: Guid(75adfe9a619833445a701305b983e548) Importer(815301076,1909f56bfc062723c751e8b465ee728b)
Start importing Assets/Imported/Free Pack/Bullet Impact 14.wav using Guid(75adfe9a619833445a701305b983e548) Importer(815301076,1909f56bfc062723c751e8b465ee728b)  -> (artifact id: '34d865022a9ef7a2c0535b5626186899') in 0.024737 seconds
  Import took 0.027532 seconds .

========================================================================
Received Import Request.
  Time since last request: 0.000243 seconds.
  path: Assets/Imported/Free Pack/Heavy Object Impact 10.wav
  artifactKey: Guid(7b69beceabbd8f24e8bc62d77ac7ca1c) Importer(815301076,1909f56bfc062723c751e8b465ee728b)
Start importing Assets/Imported/Free Pack/Heavy Object Impact 10.wav using Guid(7b69beceabbd8f24e8bc62d77ac7ca1c) Importer(815301076,1909f56bfc062723c751e8b465ee728b)  -> (artifact id: 'df7e8e56d4f4b95a0607d55d1c05997a') in 0.022784 seconds
  Import took 0.026435 seconds .

========================================================================
Received Import Request.
  Time since last request: 0.000273 seconds.
  path: Assets/Imported/Free Pack/Forest 6 - Ice Forest.wav
  artifactKey: Guid(f14e8bfdac498dd4f82766090b48e582) Importer(815301076,1909f56bfc062723c751e8b465ee728b)
Start importing Assets/Imported/Free Pack/Forest 6 - Ice Forest.wav using Guid(f14e8bfdac498dd4f82766090b48e582) Importer(815301076,1909f56bfc062723c751e8b465ee728b)  -> (artifact id: '4dc96777f944af4594745f1312f04ef2') in 0.025359 seconds
  Import took 0.028106 seconds .

========================================================================
Received Import Request.
  Time since last request: 0.000247 seconds.
  path: Assets/Imported/Free Pack/Bloody punch.wav
  artifactKey: Guid(a37f44cbf8c2a7443a3c361efa2f233a) Importer(815301076,1909f56bfc062723c751e8b465ee728b)
Start importing Assets/Imported/Free Pack/Bloody punch.wav using Guid(a37f44cbf8c2a7443a3c361efa2f233a) Importer(815301076,1909f56bfc062723c751e8b465ee728b)  -> (artifact id: '52bbaf74cda2d60e5e5604cb22697d79') in 0.027447 seconds
  Import took 0.030505 seconds .

========================================================================
Received Import Request.
  Time since last request: 0.000249 seconds.
  path: Assets/Imported/Free Pack/Railgun - Shot 6.wav
  artifactKey: Guid(f9eb44b85c96be5429737d4dcadbfa3b) Importer(815301076,1909f56bfc062723c751e8b465ee728b)
Start importing Assets/Imported/Free Pack/Railgun - Shot 6.wav using Guid(f9eb44b85c96be5429737d4dcadbfa3b) Importer(815301076,1909f56bfc062723c751e8b465ee728b)  -> (artifact id: 'b112d71c1dedcbb15da887f907b3d51c') in 0.025439 seconds
  Import took 0.028545 seconds .

========================================================================
Received Import Request.
  Time since last request: 0.000280 seconds.
  path: Assets/Imported/Free Pack/Laser Gun Salve.wav
  artifactKey: Guid(e88084c6f293c324db2b4dcf575d60dc) Importer(815301076,1909f56bfc062723c751e8b465ee728b)
Start importing Assets/Imported/Free Pack/Laser Gun Salve.wav using Guid(e88084c6f293c324db2b4dcf575d60dc) Importer(815301076,1909f56bfc062723c751e8b465ee728b)  -> (artifact id: '3c83c9814c97c273e39b15cee5084d02') in 0.022607 seconds
  Import took 0.025327 seconds .

========================================================================
Received Import Request.
  Time since last request: 0.000265 seconds.
  path: Assets/Imported/Free Pack/Cavern Atmosphere - Loop.wav
  artifactKey: Guid(6d2e2db0b97a8c84e9b7aba22496d5fe) Importer(815301076,1909f56bfc062723c751e8b465ee728b)
Start importing Assets/Imported/Free Pack/Cavern Atmosphere - Loop.wav using Guid(6d2e2db0b97a8c84e9b7aba22496d5fe) Importer(815301076,1909f56bfc062723c751e8b465ee728b)  -> (artifact id: 'f4f7fe63c9c44f0afcaa3853fc8b7ebc') in 0.025600 seconds
  Import took 0.029865 seconds .

========================================================================
Received Import Request.
  Time since last request: 0.000284 seconds.
  path: Assets/Imported/Free Pack/Magic Spell - Sleeping spell 1.wav
  artifactKey: Guid(adcac75087a17704ca6c0c3b15bc3aa5) Importer(815301076,1909f56bfc062723c751e8b465ee728b)
Start importing Assets/Imported/Free Pack/Magic Spell - Sleeping spell 1.wav using Guid(adcac75087a17704ca6c0c3b15bc3aa5) Importer(815301076,1909f56bfc062723c751e8b465ee728b)  -> (artifact id: '2599346d8e511aa6c1c467825a539971') in 0.023688 seconds
  Import took 0.026633 seconds .

========================================================================
Received Import Request.
  Time since last request: 0.000318 seconds.
  path: Assets/Imported/Free Pack/Monster Bite.wav
  artifactKey: Guid(ac6034ade498bb94b87620cdf6eac48b) Importer(815301076,1909f56bfc062723c751e8b465ee728b)
Start importing Assets/Imported/Free Pack/Monster Bite.wav using Guid(ac6034ade498bb94b87620cdf6eac48b) Importer(815301076,1909f56bfc062723c751e8b465ee728b)  -> (artifact id: 'b7d0fa646fd7486b9ed929a56f226792') in 0.025951 seconds
  Import took 0.028880 seconds .

========================================================================
Received Import Request.
  Time since last request: 0.000503 seconds.
  path: Assets/Imported/Free Pack/Machine Gun 1.wav
  artifactKey: Guid(d40330822ccea6140b664c0560d5022f) Importer(815301076,1909f56bfc062723c751e8b465ee728b)
Start importing Assets/Imported/Free Pack/Machine Gun 1.wav using Guid(d40330822ccea6140b664c0560d5022f) Importer(815301076,1909f56bfc062723c751e8b465ee728b)  -> (artifact id: '283b0cf2d19711814e24b653649b13be') in 0.025643 seconds
  Import took 0.028690 seconds .

========================================================================
Received Import Request.
  Time since last request: 0.000282 seconds.
  path: Assets/Imported/Free Pack/Dragon Spit Fire 1.wav
  artifactKey: Guid(7d156b8a5b340cd46bcf0a76557dd2dd) Importer(815301076,1909f56bfc062723c751e8b465ee728b)
Start importing Assets/Imported/Free Pack/Dragon Spit Fire 1.wav using Guid(7d156b8a5b340cd46bcf0a76557dd2dd) Importer(815301076,1909f56bfc062723c751e8b465ee728b)  -> (artifact id: 'f2d55d09e707772d0a3a9a9437e1390c') in 0.024333 seconds
  Import took 0.027762 seconds .

========================================================================
Received Import Request.
  Time since last request: 0.000233 seconds.
  path: Assets/Imported/Free Pack/Hand Gun 1.wav
  artifactKey: Guid(6739c01659ad96d47987f4ddee226b36) Importer(815301076,1909f56bfc062723c751e8b465ee728b)
Start importing Assets/Imported/Free Pack/Hand Gun 1.wav using Guid(6739c01659ad96d47987f4ddee226b36) Importer(815301076,1909f56bfc062723c751e8b465ee728b)  -> (artifact id: '7a24a460a859452bdaa1fa7814cf01d1') in 0.026018 seconds
  Import took 0.028628 seconds .

========================================================================
Received Import Request.
  Time since last request: 0.000266 seconds.
  path: Assets/Imported/Free Pack/Bullet Impact 21.wav
  artifactKey: Guid(e11a5a019377fbd4c81caa0adcb4c236) Importer(815301076,1909f56bfc062723c751e8b465ee728b)
Start importing Assets/Imported/Free Pack/Bullet Impact 21.wav using Guid(e11a5a019377fbd4c81caa0adcb4c236) Importer(815301076,1909f56bfc062723c751e8b465ee728b)  -> (artifact id: '9ca4d1b6f3e34dedd93f7d45edeb1537') in 0.028496 seconds
  Import took 0.031078 seconds .

========================================================================
Received Import Request.
  Time since last request: 0.000255 seconds.
  path: Assets/Imported/Free Pack/Earthquake 3 - Big.wav
  artifactKey: Guid(5ae4d298ed547ba4c88587effb75d7e1) Importer(815301076,1909f56bfc062723c751e8b465ee728b)
Start importing Assets/Imported/Free Pack/Earthquake 3 - Big.wav using Guid(5ae4d298ed547ba4c88587effb75d7e1) Importer(815301076,1909f56bfc062723c751e8b465ee728b)  -> (artifact id: '62b46610fd94f6fa8c9b660582077afa') in 0.025512 seconds
  Import took 0.028337 seconds .

========================================================================
Received Import Request.
  Time since last request: 0.000298 seconds.
  path: Assets/Imported/Free Pack/Chemistry reaction 3 - Big.wav
  artifactKey: Guid(4144ed0d6abcc42479fe873c54bbe0fa) Importer(815301076,1909f56bfc062723c751e8b465ee728b)
Start importing Assets/Imported/Free Pack/Chemistry reaction 3 - Big.wav using Guid(4144ed0d6abcc42479fe873c54bbe0fa) Importer(815301076,1909f56bfc062723c751e8b465ee728b)  -> (artifact id: 'b03c8a669399e68906eaa620f3d980d0') in 0.026498 seconds
  Import took 0.030420 seconds .

========================================================================
Received Import Request.
  Time since last request: 0.000239 seconds.
  path: Assets/Imported/Free Pack/Hand Gun 2.wav
  artifactKey: Guid(34b439bf70b80a6409eadecc6be92d68) Importer(815301076,1909f56bfc062723c751e8b465ee728b)
Start importing Assets/Imported/Free Pack/Hand Gun 2.wav using Guid(34b439bf70b80a6409eadecc6be92d68) Importer(815301076,1909f56bfc062723c751e8b465ee728b)  -> (artifact id: '5f20f191e6dbf4db37026c9e090de8cb') in 0.025635 seconds
  Import took 0.028352 seconds .

========================================================================
Received Import Request.
  Time since last request: 0.000343 seconds.
  path: Assets/Imported/Free Pack/Magic Spell_Short Reverse_1.wav
  artifactKey: Guid(7f4aa26d5b55226409cda231ffaf869b) Importer(815301076,1909f56bfc062723c751e8b465ee728b)
Start importing Assets/Imported/Free Pack/Magic Spell_Short Reverse_1.wav using Guid(7f4aa26d5b55226409cda231ffaf869b) Importer(815301076,1909f56bfc062723c751e8b465ee728b)  -> (artifact id: '1a39dad91de1b0aae08a607ab5a04834') in 0.027615 seconds
  Import took 0.030732 seconds .

========================================================================
Received Import Request.
  Time since last request: 0.000282 seconds.
  path: Assets/Imported/Free Pack/Cannon impact 9.wav
  artifactKey: Guid(5ff823f546b52574a931e1d9b44290a6) Importer(815301076,1909f56bfc062723c751e8b465ee728b)
Start importing Assets/Imported/Free Pack/Cannon impact 9.wav using Guid(5ff823f546b52574a931e1d9b44290a6) Importer(815301076,1909f56bfc062723c751e8b465ee728b)  -> (artifact id: '1e2db797a6b67786713501f28878471e') in 0.027118 seconds
  Import took 0.029810 seconds .

========================================================================
Received Import Request.
  Time since last request: 0.000308 seconds.
  path: Assets/Imported/Free Pack/Heavy Object Impact 4.wav
  artifactKey: Guid(9930d5b4be15bb04c9d0a6fa0d7e6b2e) Importer(815301076,1909f56bfc062723c751e8b465ee728b)
Start importing Assets/Imported/Free Pack/Heavy Object Impact 4.wav using Guid(9930d5b4be15bb04c9d0a6fa0d7e6b2e) Importer(815301076,1909f56bfc062723c751e8b465ee728b)  -> (artifact id: 'be1bf61edb3629a44d643e6ca1c20ee3') in 0.029905 seconds
  Import took 0.032533 seconds .

========================================================================
Received Import Request.
  Time since last request: 0.000257 seconds.
  path: Assets/Imported/Free Pack/Row Boat - Loop.wav
  artifactKey: Guid(78542e76d4c24a745bc1bb599adb55df) Importer(815301076,1909f56bfc062723c751e8b465ee728b)
Start importing Assets/Imported/Free Pack/Row Boat - Loop.wav using Guid(78542e76d4c24a745bc1bb599adb55df) Importer(815301076,1909f56bfc062723c751e8b465ee728b)  -> (artifact id: '8fb2f112329a2a79963dd9bf589df2a3') in 0.024410 seconds
  Import took 0.027652 seconds .

========================================================================
Received Import Request.
  Time since last request: 0.000267 seconds.
  path: Assets/Imported/Free Pack/Hand Gun 3.wav
  artifactKey: Guid(a764377339b869e459f5e53fb9258f73) Importer(815301076,1909f56bfc062723c751e8b465ee728b)
Start importing Assets/Imported/Free Pack/Hand Gun 3.wav using Guid(a764377339b869e459f5e53fb9258f73) Importer(815301076,1909f56bfc062723c751e8b465ee728b)  -> (artifact id: 'e086701527dfd310d664447cfc5480f1') in 0.026090 seconds
  Import took 0.028964 seconds .

========================================================================
Received Import Request.
  Time since last request: 0.000272 seconds.
  path: Assets/Imported/Free Pack/Ice Cavern-Loop.wav
  artifactKey: Guid(517dbd5357d36724c9ff71219172b9f6) Importer(815301076,1909f56bfc062723c751e8b465ee728b)
Start importing Assets/Imported/Free Pack/Ice Cavern-Loop.wav using Guid(517dbd5357d36724c9ff71219172b9f6) Importer(815301076,1909f56bfc062723c751e8b465ee728b)  -> (artifact id: '53093b6d941c1acccf74ae57899e7f18') in 0.027677 seconds
  Import took 0.030619 seconds .

========================================================================
Received Import Request.
  Time since last request: 0.000249 seconds.
  path: Assets/Imported/Free Pack/Ghost Manifestation 1.wav
  artifactKey: Guid(26fbf6bb6963666478f6992bc53b9145) Importer(815301076,1909f56bfc062723c751e8b465ee728b)
Start importing Assets/Imported/Free Pack/Ghost Manifestation 1.wav using Guid(26fbf6bb6963666478f6992bc53b9145) Importer(815301076,1909f56bfc062723c751e8b465ee728b)  -> (artifact id: '60ef71dee18aaa7286f15c36a60416e2') in 0.025736 seconds
  Import took 0.029537 seconds .

========================================================================
Received Import Request.
  Time since last request: 0.000278 seconds.
  path: Assets/Imported/Free Pack/Carriage on Stone Road - Loop.wav
  artifactKey: Guid(1b46c101cacd70a4fa09545bf0d68820) Importer(815301076,1909f56bfc062723c751e8b465ee728b)
Start importing Assets/Imported/Free Pack/Carriage on Stone Road - Loop.wav using Guid(1b46c101cacd70a4fa09545bf0d68820) Importer(815301076,1909f56bfc062723c751e8b465ee728b)  -> (artifact id: 'ef44f2336a983e407181c2a38fc13b54') in 0.023799 seconds
  Import took 0.028179 seconds .

========================================================================
Received Import Request.
  Time since last request: 0.000669 seconds.
  path: Assets/Imported/Free Pack/Magic Spell_Electricity Spell_1.wav
  artifactKey: Guid(eec3bf121b316d64ca1c8aac7573a2f4) Importer(815301076,1909f56bfc062723c751e8b465ee728b)
Start importing Assets/Imported/Free Pack/Magic Spell_Electricity Spell_1.wav using Guid(eec3bf121b316d64ca1c8aac7573a2f4) Importer(815301076,1909f56bfc062723c751e8b465ee728b)  -> (artifact id: '4333a82922b1f6662f2019bb2ba6e6c2') in 0.022127 seconds
  Import took 0.025122 seconds .

========================================================================
Received Import Request.
  Time since last request: 0.000514 seconds.
  path: Assets/Imported/Free Pack/Medieval City.wav
  artifactKey: Guid(c53d52b6903e77342963b7b627f126fb) Importer(815301076,1909f56bfc062723c751e8b465ee728b)
Start importing Assets/Imported/Free Pack/Medieval City.wav using Guid(c53d52b6903e77342963b7b627f126fb) Importer(815301076,1909f56bfc062723c751e8b465ee728b)  -> (artifact id: '7a7df9540fcf5a4b8b8e8a16d35152b5') in 0.025736 seconds
  Import took 0.029316 seconds .

========================================================================
Received Import Request.
  Time since last request: 0.000266 seconds.
  path: Assets/Imported/Free Pack/Missile - Shot 4.wav
  artifactKey: Guid(281e15cc92254794eaf05caf4d044b76) Importer(815301076,1909f56bfc062723c751e8b465ee728b)
Start importing Assets/Imported/Free Pack/Missile - Shot 4.wav using Guid(281e15cc92254794eaf05caf4d044b76) Importer(815301076,1909f56bfc062723c751e8b465ee728b)  -> (artifact id: 'f882b9fb1418fa1355beed345fc60b2c') in 0.022862 seconds
  Import took 0.025959 seconds .

========================================================================
Received Import Request.
  Time since last request: 0.037477 seconds.
  path: Assets/Imported/Free Pack/Secret door.wav
  artifactKey: Guid(070779cdcfbe3ff4688691fb33bc3e4e) Importer(815301076,1909f56bfc062723c751e8b465ee728b)
Start importing Assets/Imported/Free Pack/Secret door.wav using Guid(070779cdcfbe3ff4688691fb33bc3e4e) Importer(815301076,1909f56bfc062723c751e8b465ee728b)  -> (artifact id: '09eca06f9430a21795f2c652539ace0b') in 0.020771 seconds
  Import took 0.023514 seconds .

========================================================================
Received Import Request.
  Time since last request: 0.000295 seconds.
  path: Assets/Imported/Free Pack/Thunder strikes 30 second- Loop.wav
  artifactKey: Guid(7dc48ac47b618424f8d032a339525809) Importer(815301076,1909f56bfc062723c751e8b465ee728b)
Start importing Assets/Imported/Free Pack/Thunder strikes 30 second- Loop.wav using Guid(7dc48ac47b618424f8d032a339525809) Importer(815301076,1909f56bfc062723c751e8b465ee728b)  -> (artifact id: '9d27038fa72f283b089678eff7676014') in 0.024689 seconds
  Import took 0.027475 seconds .

========================================================================
Received Import Request.
  Time since last request: 0.000294 seconds.
  path: Assets/Imported/Free Pack/Walking in ChainMail - Loop.wav
  artifactKey: Guid(9b713c76b05f8b04882a23a60605b0d2) Importer(815301076,1909f56bfc062723c751e8b465ee728b)
Start importing Assets/Imported/Free Pack/Walking in ChainMail - Loop.wav using Guid(9b713c76b05f8b04882a23a60605b0d2) Importer(815301076,1909f56bfc062723c751e8b465ee728b)  -> (artifact id: '8178547ac642ed38635952ac07f484c8') in 0.024754 seconds
  Import took 0.029725 seconds .

========================================================================
Received Import Request.
  Time since last request: 0.000281 seconds.
  path: Assets/Imported/Free Pack/Tsunami hitting a Large City.wav
  artifactKey: Guid(40ab3a7e4e36423488e589303d63346f) Importer(815301076,1909f56bfc062723c751e8b465ee728b)
Start importing Assets/Imported/Free Pack/Tsunami hitting a Large City.wav using Guid(40ab3a7e4e36423488e589303d63346f) Importer(815301076,1909f56bfc062723c751e8b465ee728b)  -> (artifact id: '03935a13f2cbb8569068c985d1cdcbef') in 0.026621 seconds
  Import took 0.029404 seconds .

========================================================================
Received Import Request.
  Time since last request: 0.000277 seconds.
  path: Assets/Imported/Free Pack/Spaceship passing by.wav
  artifactKey: Guid(7784e7ab59ab376458c07be56b1a8d6f) Importer(815301076,1909f56bfc062723c751e8b465ee728b)
Start importing Assets/Imported/Free Pack/Spaceship passing by.wav using Guid(7784e7ab59ab376458c07be56b1a8d6f) Importer(815301076,1909f56bfc062723c751e8b465ee728b)  -> (artifact id: '4722c0f5fc9564b9a2745b0d57bf4b45') in 0.025337 seconds
  Import took 0.029389 seconds .

========================================================================
Received Import Request.
  Time since last request: 14.359991 seconds.
  path: Assets/Imported/Minimal UI Sounds
  artifactKey: Guid(7b6cfaebad8325a4d8a3f6c3a05ce16f) Importer(815301076,1909f56bfc062723c751e8b465ee728b)
Start importing Assets/Imported/Minimal UI Sounds using Guid(7b6cfaebad8325a4d8a3f6c3a05ce16f) Importer(815301076,1909f56bfc062723c751e8b465ee728b)  -> (artifact id: '54cfdfe707ead1978f24cbadbe601a0a') in 0.010280 seconds
  Import took 0.013005 seconds .

========================================================================
Received Import Request.
  Time since last request: 0.040637 seconds.
  path: Assets/Imported/Minimal UI Sounds/Clack_Minimal UI Sounds.wav
  artifactKey: Guid(5ed9970e17bfee943a6dff056dc3a9d0) Importer(815301076,1909f56bfc062723c751e8b465ee728b)
Start importing Assets/Imported/Minimal UI Sounds/Clack_Minimal UI Sounds.wav using Guid(5ed9970e17bfee943a6dff056dc3a9d0) Importer(815301076,1909f56bfc062723c751e8b465ee728b)  -> (artifact id: '00caad77af97cf1b97ff611b6dd0fe76') in 0.022184 seconds
  Import took 0.024787 seconds .

========================================================================
Received Import Request.
  Time since last request: 0.000285 seconds.
  path: Assets/Imported/Minimal UI Sounds/Tiny Click_Minimal UI Sounds.wav
  artifactKey: Guid(8c258dca7e08fb1438113b0b75348f71) Importer(815301076,1909f56bfc062723c751e8b465ee728b)
Start importing Assets/Imported/Minimal UI Sounds/Tiny Click_Minimal UI Sounds.wav using Guid(8c258dca7e08fb1438113b0b75348f71) Importer(815301076,1909f56bfc062723c751e8b465ee728b)  -> (artifact id: 'd16a1b99db7c73e368d0102866aed995') in 0.019680 seconds
  Import took 0.022366 seconds .

========================================================================
Received Import Request.
  Time since last request: 0.000295 seconds.
  path: Assets/Imported/Minimal UI Sounds/Ping_Minimal UI Sounds.wav
  artifactKey: Guid(19ee23220d478354ca29f732069ff0d0) Importer(815301076,1909f56bfc062723c751e8b465ee728b)
Start importing Assets/Imported/Minimal UI Sounds/Ping_Minimal UI Sounds.wav using Guid(19ee23220d478354ca29f732069ff0d0) Importer(815301076,1909f56bfc062723c751e8b465ee728b)  -> (artifact id: '16307798aaf50d2b28df76565fdf6194') in 0.025027 seconds
  Import took 0.027799 seconds .

========================================================================
Received Import Request.
  Time since last request: 0.000308 seconds.
  path: Assets/Imported/Minimal UI Sounds/Funny Click_Minimal UI Sounds.wav
  artifactKey: Guid(70e02441ad3cd8f488092b6a4933e446) Importer(815301076,1909f56bfc062723c751e8b465ee728b)
Start importing Assets/Imported/Minimal UI Sounds/Funny Click_Minimal UI Sounds.wav using Guid(70e02441ad3cd8f488092b6a4933e446) Importer(815301076,1909f56bfc062723c751e8b465ee728b)  -> (artifact id: '9dd2780db948fcfa3cd71befc6b9fa9a') in 0.023601 seconds
  Import took 0.026392 seconds .

========================================================================
Received Import Request.
  Time since last request: 0.000300 seconds.
  path: Assets/Imported/Minimal UI Sounds/Spacey Click_Minimal UI Sounds.wav
  artifactKey: Guid(4fb135d3c45ee7343ba34122f8adc35f) Importer(815301076,1909f56bfc062723c751e8b465ee728b)
Start importing Assets/Imported/Minimal UI Sounds/Spacey Click_Minimal UI Sounds.wav using Guid(4fb135d3c45ee7343ba34122f8adc35f) Importer(815301076,1909f56bfc062723c751e8b465ee728b)  -> (artifact id: 'cea3170de46136759c95489e4c575b1e') in 0.025999 seconds
  Import took 0.028651 seconds .

========================================================================
Received Import Request.
  Time since last request: 0.000278 seconds.
  path: Assets/Imported/Minimal UI Sounds/Click 01_Minimal UI Sounds.wav
  artifactKey: Guid(99348d26b121bdf40bca2ff30b000207) Importer(815301076,1909f56bfc062723c751e8b465ee728b)
Start importing Assets/Imported/Minimal UI Sounds/Click 01_Minimal UI Sounds.wav using Guid(99348d26b121bdf40bca2ff30b000207) Importer(815301076,1909f56bfc062723c751e8b465ee728b)  -> (artifact id: '885ba061c1a330d02e89e94eaa62d633') in 0.023779 seconds
  Import took 0.026635 seconds .

========================================================================
Received Import Request.
  Time since last request: 0.000288 seconds.
  path: Assets/Imported/Minimal UI Sounds/Coarse Click_Minimal UI Sounds.wav
  artifactKey: Guid(0e6d4d48fef8bd34f9a18cc6b7ed156c) Importer(815301076,1909f56bfc062723c751e8b465ee728b)
Start importing Assets/Imported/Minimal UI Sounds/Coarse Click_Minimal UI Sounds.wav using Guid(0e6d4d48fef8bd34f9a18cc6b7ed156c) Importer(815301076,1909f56bfc062723c751e8b465ee728b)  -> (artifact id: '2a1461ebe2ab4b0da88ed637fb95fc43') in 0.024120 seconds
  Import took 0.026999 seconds .

========================================================================
Received Import Request.
  Time since last request: 0.000310 seconds.
  path: Assets/Imported/Minimal UI Sounds/Click 03_Minimal UI Sounds.wav
  artifactKey: Guid(05b517e735c2cec4abd77c440b4c76ad) Importer(815301076,1909f56bfc062723c751e8b465ee728b)
Start importing Assets/Imported/Minimal UI Sounds/Click 03_Minimal UI Sounds.wav using Guid(05b517e735c2cec4abd77c440b4c76ad) Importer(815301076,1909f56bfc062723c751e8b465ee728b)  -> (artifact id: 'd3619330d90fa62df77a52fb38009247') in 0.026326 seconds
  Import took 0.029392 seconds .

========================================================================
Received Import Request.
  Time since last request: 0.000338 seconds.
  path: Assets/Imported/Minimal UI Sounds/Click 02_Minimal UI Sounds.wav
  artifactKey: Guid(030515f205b54fc478961cbe39c4e75e) Importer(815301076,1909f56bfc062723c751e8b465ee728b)
Start importing Assets/Imported/Minimal UI Sounds/Click 02_Minimal UI Sounds.wav using Guid(030515f205b54fc478961cbe39c4e75e) Importer(815301076,1909f56bfc062723c751e8b465ee728b)  -> (artifact id: 'a796c367289fdd7fd033e42d65076cde') in 0.024397 seconds
  Import took 0.028661 seconds .

========================================================================
Received Import Request.
  Time since last request: 0.000334 seconds.
  path: Assets/Imported/Minimal UI Sounds/Click 04_Minimal UI Sounds.wav
  artifactKey: Guid(9df4c2e414fd7d847978300d2a2b0213) Importer(815301076,1909f56bfc062723c751e8b465ee728b)
Start importing Assets/Imported/Minimal UI Sounds/Click 04_Minimal UI Sounds.wav using Guid(9df4c2e414fd7d847978300d2a2b0213) Importer(815301076,1909f56bfc062723c751e8b465ee728b)  -> (artifact id: '1815ecd6cd78f475bcfd3e6c5494898f') in 0.025053 seconds
  Import took 0.029018 seconds .

========================================================================
Received Import Request.
  Time since last request: 0.000273 seconds.
  path: Assets/Imported/Minimal UI Sounds/Click 02_Minimal UI Sounds.wav
  artifactKey: Guid(030515f205b54fc478961cbe39c4e75e) Importer(815301076,1909f56bfc062723c751e8b465ee728b)
Start importing Assets/Imported/Minimal UI Sounds/Click 02_Minimal UI Sounds.wav using Guid(030515f205b54fc478961cbe39c4e75e) Importer(815301076,1909f56bfc062723c751e8b465ee728b)  -> (artifact id: 'a796c367289fdd7fd033e42d65076cde') in 0.013990 seconds
  Import took 0.017561 seconds .

========================================================================
Received Import Request.
  Time since last request: 0.000365 seconds.
  path: Assets/Imported/Minimal UI Sounds/Click 04_Minimal UI Sounds.wav
  artifactKey: Guid(9df4c2e414fd7d847978300d2a2b0213) Importer(815301076,1909f56bfc062723c751e8b465ee728b)
Start importing Assets/Imported/Minimal UI Sounds/Click 04_Minimal UI Sounds.wav using Guid(9df4c2e414fd7d847978300d2a2b0213) Importer(815301076,1909f56bfc062723c751e8b465ee728b)  -> (artifact id: '1815ecd6cd78f475bcfd3e6c5494898f') in 0.010391 seconds
  Import took 0.014939 seconds .

========================================================================
Received Prepare
Registering precompiled user dll's ...
Registered in 0.001121 seconds.
Begin MonoManager ReloadAssembly
Native extension for WindowsStandalone target not found
Refreshing native plugins compatible for Editor in 0.48 ms, found 0 plugins.
Preloading 0 native plugins for Editor in 0.00 ms.
Invoked RoslynAnalysisRunner static constructor.
RoslynAnalysisRunner will not be running.
RoslynAnalysisRunner has terminated.
Mono: successfully reloaded assembly
- Completed reload, in  1.328 seconds
Platform modules already initialized, skipping
Shader 'WFX/Transparent Specular': fallback shader 'Particles/Alpha Blended' not found
Shader 'WFX/Transparent Diffuse': fallback shader 'Particles/Alpha Blended' not found
Refreshing native plugins compatible for Editor in 0.43 ms, found 0 plugins.
Preloading 0 native plugins for Editor in 0.00 ms.
Unloading 1134 Unused Serialized files (Serialized files now loaded: 0)
System memory in use before: 70.1 MB.
System memory in use after: 70.1 MB.

Unloading 5 unused Assets to reduce memory usage. Loaded Objects now: 1633.
Total: 5.328800 ms (FindLiveObjects: 0.224200 ms CreateObjectMapping: 0.062500 ms MarkObjects: 4.913300 ms  DeleteObjects: 0.125300 ms)

========================================================================
Received Prepare
Registering precompiled user dll's ...
Registered in 0.000905 seconds.
Begin MonoManager ReloadAssembly
Native extension for WindowsStandalone target not found
Refreshing native plugins compatible for Editor in 0.38 ms, found 0 plugins.
Preloading 0 native plugins for Editor in 0.00 ms.
Invoked RoslynAnalysisRunner static constructor.
RoslynAnalysisRunner will not be running.
RoslynAnalysisRunner has terminated.
Mono: successfully reloaded assembly
- Completed reload, in  1.048 seconds
Platform modules already initialized, skipping
Shader 'WFX/Transparent Specular': fallback shader 'Particles/Alpha Blended' not found
Shader 'WFX/Transparent Diffuse': fallback shader 'Particles/Alpha Blended' not found
Refreshing native plugins compatible for Editor in 0.36 ms, found 0 plugins.
Preloading 0 native plugins for Editor in 0.00 ms.
Unloading 1134 Unused Serialized files (Serialized files now loaded: 0)
System memory in use before: 70.1 MB.
System memory in use after: 70.1 MB.

Unloading 5 unused Assets to reduce memory usage. Loaded Objects now: 1635.
Total: 2.300600 ms (FindLiveObjects: 0.228400 ms CreateObjectMapping: 0.059100 ms MarkObjects: 1.919900 ms  DeleteObjects: 0.091500 ms)

========================================================================
Received Prepare
Registering precompiled user dll's ...
Registered in 0.001065 seconds.
Begin MonoManager ReloadAssembly
Native extension for WindowsStandalone target not found
Refreshing native plugins compatible for Editor in 0.67 ms, found 0 plugins.
Preloading 0 native plugins for Editor in 0.00 ms.
Invoked RoslynAnalysisRunner static constructor.
RoslynAnalysisRunner will not be running.
RoslynAnalysisRunner has terminated.
Mono: successfully reloaded assembly
- Completed reload, in  1.510 seconds
Platform modules already initialized, skipping
Shader 'WFX/Transparent Specular': fallback shader 'Particles/Alpha Blended' not found
Shader 'WFX/Transparent Diffuse': fallback shader 'Particles/Alpha Blended' not found
Refreshing native plugins compatible for Editor in 0.97 ms, found 0 plugins.
Preloading 0 native plugins for Editor in 0.00 ms.
Unloading 1134 Unused Serialized files (Serialized files now loaded: 0)
System memory in use before: 69.9 MB.
System memory in use after: 70.0 MB.

Unloading 5 unused Assets to reduce memory usage. Loaded Objects now: 1637.
Total: 6.418400 ms (FindLiveObjects: 0.644900 ms CreateObjectMapping: 0.198200 ms MarkObjects: 5.408000 ms  DeleteObjects: 0.148800 ms)

========================================================================
Received Import Request.
  Time since last request: 767.779659 seconds.
  path: Assets/Imported/GameMusicPack/Tracks/Desert/Kingdom of Sands.wav
  artifactKey: Guid(a3e2da085b96cbe4ba8d3234a3308c62) Importer(815301076,1909f56bfc062723c751e8b465ee728b)
Start importing Assets/Imported/GameMusicPack/Tracks/Desert/Kingdom of Sands.wav using Guid(a3e2da085b96cbe4ba8d3234a3308c62) Importer(815301076,1909f56bfc062723c751e8b465ee728b)  -> (artifact id: 'd99825bfcbfb2ebec7ac65b58751c282') in 0.151782 seconds
  Import took 0.155543 seconds .

========================================================================
Received Import Request.
  Time since last request: 0.000348 seconds.
  path: Assets/Imported/JMO Assets/WarFX/Mesh/Plane1x1.FBX
  artifactKey: Guid(9d0862121c112ec4abc229920df08581) Importer(815301076,1909f56bfc062723c751e8b465ee728b)
Start importing Assets/Imported/JMO Assets/WarFX/Mesh/Plane1x1.FBX using Guid(9d0862121c112ec4abc229920df08581) Importer(815301076,1909f56bfc062723c751e8b465ee728b)  -> (artifact id: 'a3675c2ef25bdaa7f68fcfbff49a607e') in 0.720197 seconds
  Import took 0.723189 seconds .

========================================================================
Received Import Request.
  Time since last request: 0.000355 seconds.
  path: Assets/Imported/JMO Assets/WarFX/_Effects/Bullet Impacts/+ Bullet Hole/Lit/WFX_BImpact Wood NoCollision + Hole Lit.prefab
  artifactKey: Guid(bdeb2a4220cd3cd4eacabbd5ed08f62c) Importer(815301076,1909f56bfc062723c751e8b465ee728b)
Start importing Assets/Imported/JMO Assets/WarFX/_Effects/Bullet Impacts/+ Bullet Hole/Lit/WFX_BImpact Wood NoCollision + Hole Lit.prefab using Guid(bdeb2a4220cd3cd4eacabbd5ed08f62c) Importer(815301076,1909f56bfc062723c751e8b465ee728b)  -> (artifact id: '4156294b7be4008841173411c656de77') in 0.374281 seconds
  Import took 0.377641 seconds .

========================================================================
Received Import Request.
  Time since last request: 0.000380 seconds.
  path: Assets/Imported/JMO Assets/WarFX/_Effects/Bullet Impacts/WFX_BImpact Wood NoCollision.prefab
  artifactKey: Guid(d39ab699aa314a147969fd483aa55205) Importer(815301076,1909f56bfc062723c751e8b465ee728b)
Start importing Assets/Imported/JMO Assets/WarFX/_Effects/Bullet Impacts/WFX_BImpact Wood NoCollision.prefab using Guid(d39ab699aa314a147969fd483aa55205) Importer(815301076,1909f56bfc062723c751e8b465ee728b)  -> (artifact id: 'e16bc147786f527f72f52265ede24aa9') in 0.012253 seconds
  Import took 0.015252 seconds .

========================================================================
Received Import Request.
  Time since last request: 0.000302 seconds.
  path: Assets/Imported/JMO Assets/WarFX/_Effects/Bullet Impacts/+ Bullet Hole/Lit/WFX_BImpact Wood + Hole Lit.prefab
  artifactKey: Guid(5d73f72c6be7d0440bbc9c87d4f718c0) Importer(815301076,1909f56bfc062723c751e8b465ee728b)
Start importing Assets/Imported/JMO Assets/WarFX/_Effects/Bullet Impacts/+ Bullet Hole/Lit/WFX_BImpact Wood + Hole Lit.prefab using Guid(5d73f72c6be7d0440bbc9c87d4f718c0) Importer(815301076,1909f56bfc062723c751e8b465ee728b)  -> (artifact id: '0b8f228ad792310ed403ad81e74f6473') in 0.036321 seconds
  Import took 0.040743 seconds .

========================================================================
Received Import Request.
  Time since last request: 0.000305 seconds.
  path: Assets/Imported/JMO Assets/WarFX/_Effects/Bullet Impacts/+ Bullet Hole/Unlit/WFX_BImpact Wood + Hole Unlit.prefab
  artifactKey: Guid(053ffbc5e89111349bb060a39ffa0f37) Importer(815301076,1909f56bfc062723c751e8b465ee728b)
Start importing Assets/Imported/JMO Assets/WarFX/_Effects/Bullet Impacts/+ Bullet Hole/Unlit/WFX_BImpact Wood + Hole Unlit.prefab using Guid(053ffbc5e89111349bb060a39ffa0f37) Importer(815301076,1909f56bfc062723c751e8b465ee728b)  -> (artifact id: '8f74089ce7d6b917399a5cc9ee93596b') in 0.054495 seconds
  Import took 0.061217 seconds .

========================================================================
Received Import Request.
  Time since last request: 0.000382 seconds.
  path: Assets/Imported/JMO Assets/WarFX/_Effects/Bullet Impacts/+ Bullet Hole/Unlit/WFX_BImpact Wood NoCollision + Hole Unlit.prefab
  artifactKey: Guid(9bdf482976052a647946e8159033a295) Importer(815301076,1909f56bfc062723c751e8b465ee728b)
Start importing Assets/Imported/JMO Assets/WarFX/_Effects/Bullet Impacts/+ Bullet Hole/Unlit/WFX_BImpact Wood NoCollision + Hole Unlit.prefab using Guid(9bdf482976052a647946e8159033a295) Importer(815301076,1909f56bfc062723c751e8b465ee728b)  -> (artifact id: '1467083a11098d2b54795796961c2c17') in 0.029727 seconds
  Import took 0.034080 seconds .

========================================================================
Received Import Request.
  Time since last request: 0.198432 seconds.
  path: Assets/Imported/JMO Assets/WarFX/_Effects (Mobile)/Bullet Impacts/+ Bullet Hole/Lit/WFXMR_BImpact Wood NoCollision + Hole Lit.prefab
  artifactKey: Guid(133ce51c43895d8478487fdabceb2e64) Importer(815301076,1909f56bfc062723c751e8b465ee728b)
Start importing Assets/Imported/JMO Assets/WarFX/_Effects (Mobile)/Bullet Impacts/+ Bullet Hole/Lit/WFXMR_BImpact Wood NoCollision + Hole Lit.prefab using Guid(133ce51c43895d8478487fdabceb2e64) Importer(815301076,1909f56bfc062723c751e8b465ee728b)  -> (artifact id: '512d67dd350b7cf975f527556da9b896') in 0.250440 seconds
  Import took 0.253567 seconds .

========================================================================
Received Import Request.
  Time since last request: 0.000368 seconds.
  path: Assets/Imported/JMO Assets/WarFX/_Effects (Mobile)/Explosions/WFXMR_Explosion.prefab
  artifactKey: Guid(084c6a87873fd6e4da7978a01aa18b34) Importer(815301076,1909f56bfc062723c751e8b465ee728b)
Start importing Assets/Imported/JMO Assets/WarFX/_Effects (Mobile)/Explosions/WFXMR_Explosion.prefab using Guid(084c6a87873fd6e4da7978a01aa18b34) Importer(815301076,1909f56bfc062723c751e8b465ee728b)  -> (artifact id: 'a8447c738e0c57a793756b0646ab2a97') in 0.018369 seconds
  Import took 0.021855 seconds .

========================================================================
Received Import Request.
  Time since last request: 0.000381 seconds.
  path: Assets/Imported/JMO Assets/WarFX/_Effects (Mobile)/Explosions/WFXMR_Explosion Simple.prefab
  artifactKey: Guid(8f611da60097c85438a2947021f045cf) Importer(815301076,1909f56bfc062723c751e8b465ee728b)
Start importing Assets/Imported/JMO Assets/WarFX/_Effects (Mobile)/Explosions/WFXMR_Explosion Simple.prefab using Guid(8f611da60097c85438a2947021f045cf) Importer(815301076,1909f56bfc062723c751e8b465ee728b)  -> (artifact id: '835b702b2d417a174ad5a69dd1dfb49b') in 0.020923 seconds
  Import took 0.023988 seconds .

========================================================================
Received Import Request.
  Time since last request: 0.000364 seconds.
  path: Assets/Imported/JMO Assets/WarFX/_Effects (Mobile)/Explosions/WFXMR_Explosion LandMine.prefab
  artifactKey: Guid(872363974360b1540b92d8d9e0453afa) Importer(815301076,1909f56bfc062723c751e8b465ee728b)
Start importing Assets/Imported/JMO Assets/WarFX/_Effects (Mobile)/Explosions/WFXMR_Explosion LandMine.prefab using Guid(872363974360b1540b92d8d9e0453afa) Importer(815301076,1909f56bfc062723c751e8b465ee728b)  -> (artifact id: 'a7bb397cbbbac8d10a17e7fd28d671e3') in 0.018574 seconds
  Import took 0.021788 seconds .

========================================================================
Received Import Request.
  Time since last request: 0.000319 seconds.
  path: Assets/Imported/JMO Assets/WarFX/_Effects (Mobile)/Explosions/WFXMR_ExplosiveSmoke.prefab
  artifactKey: Guid(e4704660d196fac40802911e12ac76f1) Importer(815301076,1909f56bfc062723c751e8b465ee728b)
Start importing Assets/Imported/JMO Assets/WarFX/_Effects (Mobile)/Explosions/WFXMR_ExplosiveSmoke.prefab using Guid(e4704660d196fac40802911e12ac76f1) Importer(815301076,1909f56bfc062723c751e8b465ee728b)  -> (artifact id: 'a758bae73ee49fa790c3a5f09740681e') in 0.037655 seconds
  Import took 0.040812 seconds .

========================================================================
Received Import Request.
  Time since last request: 0.000386 seconds.
  path: Assets/Imported/JMO Assets/WarFX/_Effects (Mobile)/Explosions/WFXMR_Explosion Small.prefab
  artifactKey: Guid(a57a6829db3568c4d9bdc37e9e63c017) Importer(815301076,1909f56bfc062723c751e8b465ee728b)
Start importing Assets/Imported/JMO Assets/WarFX/_Effects (Mobile)/Explosions/WFXMR_Explosion Small.prefab using Guid(a57a6829db3568c4d9bdc37e9e63c017) Importer(815301076,1909f56bfc062723c751e8b465ee728b)  -> (artifact id: '0b5235a48b14efb7257f9a4d6440a11b') in 0.020384 seconds
  Import took 0.023703 seconds .

========================================================================
Received Import Request.
  Time since last request: 0.000298 seconds.
  path: Assets/Imported/JMO Assets/WarFX/_Effects (Mobile)/Bullet Impacts/+ Bullet Hole/Unlit/WFXMR_BImpact Wood NoCollision + Hole Unlit.prefab
  artifactKey: Guid(ada3e15c23ce1c1439a8ca49c46cda22) Importer(815301076,1909f56bfc062723c751e8b465ee728b)
Start importing Assets/Imported/JMO Assets/WarFX/_Effects (Mobile)/Bullet Impacts/+ Bullet Hole/Unlit/WFXMR_BImpact Wood NoCollision + Hole Unlit.prefab using Guid(ada3e15c23ce1c1439a8ca49c46cda22) Importer(815301076,1909f56bfc062723c751e8b465ee728b)  -> (artifact id: 'f5a33f25209090dd30c5d81a3951f462') in 0.038917 seconds
  Import took 0.041941 seconds .

========================================================================
Received Import Request.
  Time since last request: 0.000367 seconds.
  path: Assets/Imported/JMO Assets/WarFX/_Effects (Mobile)/Explosions/WFXMR_ExplosiveSmoke Small.prefab
  artifactKey: Guid(42f257b24c959a44794a35d032e9da12) Importer(815301076,1909f56bfc062723c751e8b465ee728b)
Start importing Assets/Imported/JMO Assets/WarFX/_Effects (Mobile)/Explosions/WFXMR_ExplosiveSmoke Small.prefab using Guid(42f257b24c959a44794a35d032e9da12) Importer(815301076,1909f56bfc062723c751e8b465ee728b)  -> (artifact id: 'c8e837eb545a364f30a3ea34429f631e') in 0.029258 seconds
  Import took 0.032432 seconds .

========================================================================
Received Import Request.
  Time since last request: 0.000306 seconds.
  path: Assets/Imported/JMO Assets/WarFX/_Effects (Mobile)/Explosions/WFXMR_ExplosiveSmoke Big Alt.prefab
  artifactKey: Guid(d609d5ebc845aca409f72e9c6a56dc60) Importer(815301076,1909f56bfc062723c751e8b465ee728b)
Start importing Assets/Imported/JMO Assets/WarFX/_Effects (Mobile)/Explosions/WFXMR_ExplosiveSmoke Big Alt.prefab using Guid(d609d5ebc845aca409f72e9c6a56dc60) Importer(815301076,1909f56bfc062723c751e8b465ee728b)  -> (artifact id: '115b7a39d88c3fc84be05e42d2d531d2') in 0.014313 seconds
  Import took 0.017921 seconds .

========================================================================
Received Import Request.
  Time since last request: 0.000283 seconds.
  path: Assets/Imported/JMO Assets/WarFX/_Effects (Mobile)/Explosions/WFXMR_ExplosiveSmoke Big.prefab
  artifactKey: Guid(1ae4db7b36e51124b89d2b32303a7a0b) Importer(815301076,1909f56bfc062723c751e8b465ee728b)
Start importing Assets/Imported/JMO Assets/WarFX/_Effects (Mobile)/Explosions/WFXMR_ExplosiveSmoke Big.prefab using Guid(1ae4db7b36e51124b89d2b32303a7a0b) Importer(815301076,1909f56bfc062723c751e8b465ee728b)  -> (artifact id: '9b51dd37ea2c6772961ea91d5320363d') in 0.014705 seconds
  Import took 0.018646 seconds .

========================================================================
Received Import Request.
  Time since last request: 0.000320 seconds.
  path: Assets/Imported/JMO Assets/WarFX/_Effects (Mobile)/Explosions/WFXMR_Explosion StarSmoke.prefab
  artifactKey: Guid(28ccd38a41e256a4e8fea96f5a8d039d) Importer(815301076,1909f56bfc062723c751e8b465ee728b)
Start importing Assets/Imported/JMO Assets/WarFX/_Effects (Mobile)/Explosions/WFXMR_Explosion StarSmoke.prefab using Guid(28ccd38a41e256a4e8fea96f5a8d039d) Importer(815301076,1909f56bfc062723c751e8b465ee728b)  -> (artifact id: '51f32b31f369c8c61683ec8309624771') in 0.013963 seconds
  Import took 0.017873 seconds .

========================================================================
Received Prepare
Registering precompiled user dll's ...
Registered in 0.000919 seconds.
Begin MonoManager ReloadAssembly
Native extension for WindowsStandalone target not found
Refreshing native plugins compatible for Editor in 0.34 ms, found 0 plugins.
Preloading 0 native plugins for Editor in 0.00 ms.
Invoked RoslynAnalysisRunner static constructor.
RoslynAnalysisRunner will not be running.
RoslynAnalysisRunner has terminated.
Mono: successfully reloaded assembly
- Completed reload, in  1.015 seconds
Platform modules already initialized, skipping
Shader 'WFX/Transparent Specular': fallback shader 'Particles/Alpha Blended' not found
Shader 'WFX/Transparent Diffuse': fallback shader 'Particles/Alpha Blended' not found
Refreshing native plugins compatible for Editor in 0.35 ms, found 0 plugins.
Preloading 0 native plugins for Editor in 0.00 ms.
Unloading 1134 Unused Serialized files (Serialized files now loaded: 0)
System memory in use before: 70.5 MB.
System memory in use after: 70.6 MB.

Unloading 6 unused Assets to reduce memory usage. Loaded Objects now: 1645.
Total: 2.183200 ms (FindLiveObjects: 0.236600 ms CreateObjectMapping: 0.080600 ms MarkObjects: 1.769600 ms  DeleteObjects: 0.095000 ms)

========================================================================
Received Prepare
Registering precompiled user dll's ...
Registered in 0.001075 seconds.
Begin MonoManager ReloadAssembly
Native extension for WindowsStandalone target not found
Refreshing native plugins compatible for Editor in 0.36 ms, found 0 plugins.
Preloading 0 native plugins for Editor in 0.00 ms.
Invoked RoslynAnalysisRunner static constructor.
RoslynAnalysisRunner will not be running.
RoslynAnalysisRunner has terminated.
Mono: successfully reloaded assembly
- Completed reload, in  1.371 seconds
Platform modules already initialized, skipping
Shader 'WFX/Transparent Specular': fallback shader 'Particles/Alpha Blended' not found
Shader 'WFX/Transparent Diffuse': fallback shader 'Particles/Alpha Blended' not found
Refreshing native plugins compatible for Editor in 0.64 ms, found 0 plugins.
Preloading 0 native plugins for Editor in 0.00 ms.
Unloading 1134 Unused Serialized files (Serialized files now loaded: 0)
System memory in use before: 70.5 MB.
System memory in use after: 70.6 MB.

Unloading 5 unused Assets to reduce memory usage. Loaded Objects now: 1647.
Total: 2.920000 ms (FindLiveObjects: 0.339200 ms CreateObjectMapping: 0.119800 ms MarkObjects: 2.290300 ms  DeleteObjects: 0.168600 ms)

========================================================================
Received Prepare
Registering precompiled user dll's ...
Registered in 0.000922 seconds.
Begin MonoManager ReloadAssembly
Native extension for WindowsStandalone target not found
Refreshing native plugins compatible for Editor in 1.16 ms, found 0 plugins.
Preloading 0 native plugins for Editor in 0.00 ms.
Invoked RoslynAnalysisRunner static constructor.
RoslynAnalysisRunner will not be running.
RoslynAnalysisRunner has terminated.
Mono: successfully reloaded assembly
- Completed reload, in  1.169 seconds
Platform modules already initialized, skipping
Shader 'WFX/Transparent Specular': fallback shader 'Particles/Alpha Blended' not found
Shader 'WFX/Transparent Diffuse': fallback shader 'Particles/Alpha Blended' not found
Refreshing native plugins compatible for Editor in 0.66 ms, found 0 plugins.
Preloading 0 native plugins for Editor in 0.00 ms.
Unloading 1134 Unused Serialized files (Serialized files now loaded: 0)
System memory in use before: 70.4 MB.
System memory in use after: 70.5 MB.

Unloading 5 unused Assets to reduce memory usage. Loaded Objects now: 1649.
Total: 5.911300 ms (FindLiveObjects: 0.339600 ms CreateObjectMapping: 0.106200 ms MarkObjects: 5.262200 ms  DeleteObjects: 0.201000 ms)

========================================================================
Received Prepare
Registering precompiled user dll's ...
Registered in 0.000934 seconds.
Begin MonoManager ReloadAssembly
Native extension for WindowsStandalone target not found
Refreshing native plugins compatible for Editor in 0.81 ms, found 0 plugins.
Preloading 0 native plugins for Editor in 0.00 ms.
Invoked RoslynAnalysisRunner static constructor.
RoslynAnalysisRunner will not be running.
RoslynAnalysisRunner has terminated.
Mono: successfully reloaded assembly
- Completed reload, in  1.126 seconds
Platform modules already initialized, skipping
Shader 'WFX/Transparent Specular': fallback shader 'Particles/Alpha Blended' not found
Shader 'WFX/Transparent Diffuse': fallback shader 'Particles/Alpha Blended' not found
Refreshing native plugins compatible for Editor in 0.92 ms, found 0 plugins.
Preloading 0 native plugins for Editor in 0.00 ms.
Unloading 1134 Unused Serialized files (Serialized files now loaded: 0)
System memory in use before: 70.5 MB.
System memory in use after: 70.6 MB.

Unloading 5 unused Assets to reduce memory usage. Loaded Objects now: 1651.
Total: 4.082300 ms (FindLiveObjects: 0.449800 ms CreateObjectMapping: 0.114600 ms MarkObjects: 3.394200 ms  DeleteObjects: 0.120900 ms)

========================================================================
Received Prepare
Registering precompiled user dll's ...
Registered in 0.000973 seconds.
Begin MonoManager ReloadAssembly
Native extension for WindowsStandalone target not found
Refreshing native plugins compatible for Editor in 1.69 ms, found 0 plugins.
Preloading 0 native plugins for Editor in 0.00 ms.
Invoked RoslynAnalysisRunner static constructor.
RoslynAnalysisRunner will not be running.
RoslynAnalysisRunner has terminated.
Mono: successfully reloaded assembly
- Completed reload, in  1.678 seconds
Platform modules already initialized, skipping
Shader 'WFX/Transparent Specular': fallback shader 'Particles/Alpha Blended' not found
Shader 'WFX/Transparent Diffuse': fallback shader 'Particles/Alpha Blended' not found
Refreshing native plugins compatible for Editor in 0.97 ms, found 0 plugins.
Preloading 0 native plugins for Editor in 0.00 ms.
Unloading 1134 Unused Serialized files (Serialized files now loaded: 0)
System memory in use before: 70.5 MB.
System memory in use after: 70.6 MB.

Unloading 5 unused Assets to reduce memory usage. Loaded Objects now: 1653.
Total: 5.182000 ms (FindLiveObjects: 0.539900 ms CreateObjectMapping: 0.483200 ms MarkObjects: 4.050300 ms  DeleteObjects: 0.104400 ms)

========================================================================
Received Prepare
Registering precompiled user dll's ...
Registered in 0.000962 seconds.
Begin MonoManager ReloadAssembly
Native extension for WindowsStandalone target not found
Refreshing native plugins compatible for Editor in 2.07 ms, found 0 plugins.
Preloading 0 native plugins for Editor in 0.00 ms.
Invoked RoslynAnalysisRunner static constructor.
RoslynAnalysisRunner will not be running.
RoslynAnalysisRunner has terminated.
Mono: successfully reloaded assembly
- Completed reload, in  1.635 seconds
Platform modules already initialized, skipping
Shader 'WFX/Transparent Specular': fallback shader 'Particles/Alpha Blended' not found
Shader 'WFX/Transparent Diffuse': fallback shader 'Particles/Alpha Blended' not found
Refreshing native plugins compatible for Editor in 0.77 ms, found 0 plugins.
Preloading 0 native plugins for Editor in 0.00 ms.
Unloading 1134 Unused Serialized files (Serialized files now loaded: 0)
System memory in use before: 70.4 MB.
System memory in use after: 70.5 MB.

Unloading 5 unused Assets to reduce memory usage. Loaded Objects now: 1655.
Total: 5.810700 ms (FindLiveObjects: 0.679800 ms CreateObjectMapping: 0.443800 ms MarkObjects: 4.566100 ms  DeleteObjects: 0.115400 ms)

========================================================================
Received Prepare
Registering precompiled user dll's ...
Registered in 0.000974 seconds.
Begin MonoManager ReloadAssembly
Native extension for WindowsStandalone target not found
Refreshing native plugins compatible for Editor in 0.72 ms, found 0 plugins.
Preloading 0 native plugins for Editor in 0.00 ms.
Invoked RoslynAnalysisRunner static constructor.
RoslynAnalysisRunner will not be running.
RoslynAnalysisRunner has terminated.
Mono: successfully reloaded assembly
- Completed reload, in  1.602 seconds
Platform modules already initialized, skipping
Shader 'WFX/Transparent Specular': fallback shader 'Particles/Alpha Blended' not found
Shader 'WFX/Transparent Diffuse': fallback shader 'Particles/Alpha Blended' not found
Refreshing native plugins compatible for Editor in 0.39 ms, found 0 plugins.
Preloading 0 native plugins for Editor in 0.00 ms.
Unloading 1134 Unused Serialized files (Serialized files now loaded: 0)
System memory in use before: 70.5 MB.
System memory in use after: 70.6 MB.

Unloading 5 unused Assets to reduce memory usage. Loaded Objects now: 1657.
Total: 5.839700 ms (FindLiveObjects: 0.352200 ms CreateObjectMapping: 0.174600 ms MarkObjects: 5.043100 ms  DeleteObjects: 0.265800 ms)

AssetImportWorkerClient::OnTransportError - code=2 error=End of file
